[0.027s] Invoking command in '/home/neo/turtlebot3_ws/src/turtlebot3_simulations/build/turtlebot3_simulations': AMENT_PREFIX_PATH=/home/neo/turtlebot3_ws/src/turtlebot3_simulations/install/turtlebot3_gazebo:/home/neo/turtlebot3_ws/src/turtlebot3_simulations/install/turtlebot3_fake_node:${AMENT_PREFIX_PATH} CMAKE_PREFIX_PATH=/home/neo/turtlebot3_ws/src/turtlebot3_simulations/install/turtlebot3_gazebo:/home/neo/turtlebot3_ws/src/turtlebot3_simulations/install/turtlebot3_fake_node:/opt/ros/jazzy/opt/gz_sim_vendor:/opt/ros/jazzy/opt/gz_sensors_vendor:/opt/ros/jazzy/opt/gz_physics_vendor:/opt/ros/jazzy/opt/sdformat_vendor:/opt/ros/jazzy/opt/gz_gui_vendor:/opt/ros/jazzy/opt/gz_transport_vendor:/opt/ros/jazzy/opt/gz_rendering_vendor:/opt/ros/jazzy/opt/gz_plugin_vendor:/opt/ros/jazzy/opt/gz_fuel_tools_vendor:/opt/ros/jazzy/opt/gz_msgs_vendor:/opt/ros/jazzy/opt/gz_common_vendor:/opt/ros/jazzy/opt/gz_math_vendor:/opt/ros/jazzy/opt/gz_utils_vendor:/opt/ros/jazzy/opt/gz_tools_vendor:/opt/ros/jazzy/opt/gz_ogre_next_vendor:/opt/ros/jazzy/opt/gz_dartsim_vendor:/opt/ros/jazzy/opt/gz_cmake_vendor:/opt/ros/jazzy /usr/bin/cmake /home/neo/turtlebot3_ws/src/turtlebot3_simulations/turtlebot3_simulations -DCMAKE_INSTALL_PREFIX=/home/neo/turtlebot3_ws/src/turtlebot3_simulations/install/turtlebot3_simulations
[0.151s] -- The C compiler identification is GNU 13.3.0
[0.280s] -- The CXX compiler identification is GNU 13.3.0
[0.317s] -- Detecting C compiler ABI info
[0.525s] -- Detecting C compiler ABI info - done
[0.547s] -- Check for working C compiler: /usr/bin/cc - skipped
[0.548s] -- Detecting C compile features
[0.550s] -- Detecting C compile features - done
[0.576s] -- Detecting CXX compiler ABI info
[0.815s] -- Detecting CXX compiler ABI info - done
[0.853s] -- Check for working CXX compiler: /usr/bin/c++ - skipped
[0.853s] -- Detecting CXX compile features
[0.855s] -- Detecting CXX compile features - done
[0.867s] -- Found ament_cmake: 2.5.4 (/opt/ros/jazzy/share/ament_cmake/cmake)
[1.204s] -- Found Python3: /usr/bin/python3 (found version "3.12.3") found components: Interpreter 
[1.688s] -- Configuring done (1.6s)
[1.695s] -- Generating done (0.0s)
[1.699s] -- Build files have been written to: /home/neo/turtlebot3_ws/src/turtlebot3_simulations/build/turtlebot3_simulations
[1.708s] Invoked command in '/home/neo/turtlebot3_ws/src/turtlebot3_simulations/build/turtlebot3_simulations' returned '0': AMENT_PREFIX_PATH=/home/neo/turtlebot3_ws/src/turtlebot3_simulations/install/turtlebot3_gazebo:/home/neo/turtlebot3_ws/src/turtlebot3_simulations/install/turtlebot3_fake_node:${AMENT_PREFIX_PATH} CMAKE_PREFIX_PATH=/home/neo/turtlebot3_ws/src/turtlebot3_simulations/install/turtlebot3_gazebo:/home/neo/turtlebot3_ws/src/turtlebot3_simulations/install/turtlebot3_fake_node:/opt/ros/jazzy/opt/gz_sim_vendor:/opt/ros/jazzy/opt/gz_sensors_vendor:/opt/ros/jazzy/opt/gz_physics_vendor:/opt/ros/jazzy/opt/sdformat_vendor:/opt/ros/jazzy/opt/gz_gui_vendor:/opt/ros/jazzy/opt/gz_transport_vendor:/opt/ros/jazzy/opt/gz_rendering_vendor:/opt/ros/jazzy/opt/gz_plugin_vendor:/opt/ros/jazzy/opt/gz_fuel_tools_vendor:/opt/ros/jazzy/opt/gz_msgs_vendor:/opt/ros/jazzy/opt/gz_common_vendor:/opt/ros/jazzy/opt/gz_math_vendor:/opt/ros/jazzy/opt/gz_utils_vendor:/opt/ros/jazzy/opt/gz_tools_vendor:/opt/ros/jazzy/opt/gz_ogre_next_vendor:/opt/ros/jazzy/opt/gz_dartsim_vendor:/opt/ros/jazzy/opt/gz_cmake_vendor:/opt/ros/jazzy /usr/bin/cmake /home/neo/turtlebot3_ws/src/turtlebot3_simulations/turtlebot3_simulations -DCMAKE_INSTALL_PREFIX=/home/neo/turtlebot3_ws/src/turtlebot3_simulations/install/turtlebot3_simulations
[1.710s] Invoking command in '/home/neo/turtlebot3_ws/src/turtlebot3_simulations/build/turtlebot3_simulations': AMENT_PREFIX_PATH=/home/neo/turtlebot3_ws/src/turtlebot3_simulations/install/turtlebot3_gazebo:/home/neo/turtlebot3_ws/src/turtlebot3_simulations/install/turtlebot3_fake_node:${AMENT_PREFIX_PATH} CMAKE_PREFIX_PATH=/home/neo/turtlebot3_ws/src/turtlebot3_simulations/install/turtlebot3_gazebo:/home/neo/turtlebot3_ws/src/turtlebot3_simulations/install/turtlebot3_fake_node:/opt/ros/jazzy/opt/gz_sim_vendor:/opt/ros/jazzy/opt/gz_sensors_vendor:/opt/ros/jazzy/opt/gz_physics_vendor:/opt/ros/jazzy/opt/sdformat_vendor:/opt/ros/jazzy/opt/gz_gui_vendor:/opt/ros/jazzy/opt/gz_transport_vendor:/opt/ros/jazzy/opt/gz_rendering_vendor:/opt/ros/jazzy/opt/gz_plugin_vendor:/opt/ros/jazzy/opt/gz_fuel_tools_vendor:/opt/ros/jazzy/opt/gz_msgs_vendor:/opt/ros/jazzy/opt/gz_common_vendor:/opt/ros/jazzy/opt/gz_math_vendor:/opt/ros/jazzy/opt/gz_utils_vendor:/opt/ros/jazzy/opt/gz_tools_vendor:/opt/ros/jazzy/opt/gz_ogre_next_vendor:/opt/ros/jazzy/opt/gz_dartsim_vendor:/opt/ros/jazzy/opt/gz_cmake_vendor:/opt/ros/jazzy /usr/bin/cmake --build /home/neo/turtlebot3_ws/src/turtlebot3_simulations/build/turtlebot3_simulations -- -j4 -l4
[1.798s] Invoked command in '/home/neo/turtlebot3_ws/src/turtlebot3_simulations/build/turtlebot3_simulations' returned '0': AMENT_PREFIX_PATH=/home/neo/turtlebot3_ws/src/turtlebot3_simulations/install/turtlebot3_gazebo:/home/neo/turtlebot3_ws/src/turtlebot3_simulations/install/turtlebot3_fake_node:${AMENT_PREFIX_PATH} CMAKE_PREFIX_PATH=/home/neo/turtlebot3_ws/src/turtlebot3_simulations/install/turtlebot3_gazebo:/home/neo/turtlebot3_ws/src/turtlebot3_simulations/install/turtlebot3_fake_node:/opt/ros/jazzy/opt/gz_sim_vendor:/opt/ros/jazzy/opt/gz_sensors_vendor:/opt/ros/jazzy/opt/gz_physics_vendor:/opt/ros/jazzy/opt/sdformat_vendor:/opt/ros/jazzy/opt/gz_gui_vendor:/opt/ros/jazzy/opt/gz_transport_vendor:/opt/ros/jazzy/opt/gz_rendering_vendor:/opt/ros/jazzy/opt/gz_plugin_vendor:/opt/ros/jazzy/opt/gz_fuel_tools_vendor:/opt/ros/jazzy/opt/gz_msgs_vendor:/opt/ros/jazzy/opt/gz_common_vendor:/opt/ros/jazzy/opt/gz_math_vendor:/opt/ros/jazzy/opt/gz_utils_vendor:/opt/ros/jazzy/opt/gz_tools_vendor:/opt/ros/jazzy/opt/gz_ogre_next_vendor:/opt/ros/jazzy/opt/gz_dartsim_vendor:/opt/ros/jazzy/opt/gz_cmake_vendor:/opt/ros/jazzy /usr/bin/cmake --build /home/neo/turtlebot3_ws/src/turtlebot3_simulations/build/turtlebot3_simulations -- -j4 -l4
[1.800s] Invoking command in '/home/neo/turtlebot3_ws/src/turtlebot3_simulations/build/turtlebot3_simulations': AMENT_PREFIX_PATH=/home/neo/turtlebot3_ws/src/turtlebot3_simulations/install/turtlebot3_gazebo:/home/neo/turtlebot3_ws/src/turtlebot3_simulations/install/turtlebot3_fake_node:${AMENT_PREFIX_PATH} CMAKE_PREFIX_PATH=/home/neo/turtlebot3_ws/src/turtlebot3_simulations/install/turtlebot3_gazebo:/home/neo/turtlebot3_ws/src/turtlebot3_simulations/install/turtlebot3_fake_node:/opt/ros/jazzy/opt/gz_sim_vendor:/opt/ros/jazzy/opt/gz_sensors_vendor:/opt/ros/jazzy/opt/gz_physics_vendor:/opt/ros/jazzy/opt/sdformat_vendor:/opt/ros/jazzy/opt/gz_gui_vendor:/opt/ros/jazzy/opt/gz_transport_vendor:/opt/ros/jazzy/opt/gz_rendering_vendor:/opt/ros/jazzy/opt/gz_plugin_vendor:/opt/ros/jazzy/opt/gz_fuel_tools_vendor:/opt/ros/jazzy/opt/gz_msgs_vendor:/opt/ros/jazzy/opt/gz_common_vendor:/opt/ros/jazzy/opt/gz_math_vendor:/opt/ros/jazzy/opt/gz_utils_vendor:/opt/ros/jazzy/opt/gz_tools_vendor:/opt/ros/jazzy/opt/gz_ogre_next_vendor:/opt/ros/jazzy/opt/gz_dartsim_vendor:/opt/ros/jazzy/opt/gz_cmake_vendor:/opt/ros/jazzy /usr/bin/cmake --install /home/neo/turtlebot3_ws/src/turtlebot3_simulations/build/turtlebot3_simulations
[1.817s] -- Install configuration: ""
[1.817s] -- Installing: /home/neo/turtlebot3_ws/src/turtlebot3_simulations/install/turtlebot3_simulations/share/ament_index/resource_index/package_run_dependencies/turtlebot3_simulations
[1.818s] -- Installing: /home/neo/turtlebot3_ws/src/turtlebot3_simulations/install/turtlebot3_simulations/share/ament_index/resource_index/parent_prefix_path/turtlebot3_simulations
[1.819s] -- Installing: /home/neo/turtlebot3_ws/src/turtlebot3_simulations/install/turtlebot3_simulations/share/turtlebot3_simulations/environment/ament_prefix_path.sh
[1.819s] -- Installing: /home/neo/turtlebot3_ws/src/turtlebot3_simulations/install/turtlebot3_simulations/share/turtlebot3_simulations/environment/ament_prefix_path.dsv
[1.820s] -- Installing: /home/neo/turtlebot3_ws/src/turtlebot3_simulations/install/turtlebot3_simulations/share/turtlebot3_simulations/environment/path.sh
[1.820s] -- Installing: /home/neo/turtlebot3_ws/src/turtlebot3_simulations/install/turtlebot3_simulations/share/turtlebot3_simulations/environment/path.dsv
[1.821s] -- Installing: /home/neo/turtlebot3_ws/src/turtlebot3_simulations/install/turtlebot3_simulations/share/turtlebot3_simulations/local_setup.bash
[1.821s] -- Installing: /home/neo/turtlebot3_ws/src/turtlebot3_simulations/install/turtlebot3_simulations/share/turtlebot3_simulations/local_setup.sh
[1.821s] -- Installing: /home/neo/turtlebot3_ws/src/turtlebot3_simulations/install/turtlebot3_simulations/share/turtlebot3_simulations/local_setup.zsh
[1.822s] -- Installing: /home/neo/turtlebot3_ws/src/turtlebot3_simulations/install/turtlebot3_simulations/share/turtlebot3_simulations/local_setup.dsv
[1.822s] -- Installing: /home/neo/turtlebot3_ws/src/turtlebot3_simulations/install/turtlebot3_simulations/share/turtlebot3_simulations/package.dsv
[1.822s] -- Installing: /home/neo/turtlebot3_ws/src/turtlebot3_simulations/install/turtlebot3_simulations/share/ament_index/resource_index/packages/turtlebot3_simulations
[1.823s] -- Installing: /home/neo/turtlebot3_ws/src/turtlebot3_simulations/install/turtlebot3_simulations/share/turtlebot3_simulations/cmake/turtlebot3_simulationsConfig.cmake
[1.823s] -- Installing: /home/neo/turtlebot3_ws/src/turtlebot3_simulations/install/turtlebot3_simulations/share/turtlebot3_simulations/cmake/turtlebot3_simulationsConfig-version.cmake
[1.824s] -- Installing: /home/neo/turtlebot3_ws/src/turtlebot3_simulations/install/turtlebot3_simulations/share/turtlebot3_simulations/package.xml
[1.826s] Invoked command in '/home/neo/turtlebot3_ws/src/turtlebot3_simulations/build/turtlebot3_simulations' returned '0': AMENT_PREFIX_PATH=/home/neo/turtlebot3_ws/src/turtlebot3_simulations/install/turtlebot3_gazebo:/home/neo/turtlebot3_ws/src/turtlebot3_simulations/install/turtlebot3_fake_node:${AMENT_PREFIX_PATH} CMAKE_PREFIX_PATH=/home/neo/turtlebot3_ws/src/turtlebot3_simulations/install/turtlebot3_gazebo:/home/neo/turtlebot3_ws/src/turtlebot3_simulations/install/turtlebot3_fake_node:/opt/ros/jazzy/opt/gz_sim_vendor:/opt/ros/jazzy/opt/gz_sensors_vendor:/opt/ros/jazzy/opt/gz_physics_vendor:/opt/ros/jazzy/opt/sdformat_vendor:/opt/ros/jazzy/opt/gz_gui_vendor:/opt/ros/jazzy/opt/gz_transport_vendor:/opt/ros/jazzy/opt/gz_rendering_vendor:/opt/ros/jazzy/opt/gz_plugin_vendor:/opt/ros/jazzy/opt/gz_fuel_tools_vendor:/opt/ros/jazzy/opt/gz_msgs_vendor:/opt/ros/jazzy/opt/gz_common_vendor:/opt/ros/jazzy/opt/gz_math_vendor:/opt/ros/jazzy/opt/gz_utils_vendor:/opt/ros/jazzy/opt/gz_tools_vendor:/opt/ros/jazzy/opt/gz_ogre_next_vendor:/opt/ros/jazzy/opt/gz_dartsim_vendor:/opt/ros/jazzy/opt/gz_cmake_vendor:/opt/ros/jazzy /usr/bin/cmake --install /home/neo/turtlebot3_ws/src/turtlebot3_simulations/build/turtlebot3_simulations
