[0.026s] Invoking command in '/home/neo/turtlebot3_ws/src/turtlebot3_simulations/build/turtlebot3_gazebo': CMAKE_PREFIX_PATH=${CMAKE_PREFIX_PATH}:/opt/ros/jazzy /usr/bin/cmake /home/neo/turtlebot3_ws/src/turtlebot3_simulations/turtlebot3_gazebo -DCMAKE_INSTALL_PREFIX=/home/neo/turtlebot3_ws/src/turtlebot3_simulations/install/turtlebot3_gazebo
[0.327s] -- The C compiler identification is GNU 13.3.0
[0.555s] -- The CXX compiler identification is GNU 13.3.0
[0.599s] -- Detecting C compiler ABI info
[0.802s] -- Detecting C compiler ABI info - done
[0.842s] -- Check for working C compiler: /usr/bin/cc - skipped
[0.843s] -- Detecting C compile features
[0.844s] -- Detecting C compile features - done
[0.863s] -- Detecting CXX compiler ABI info
[1.077s] -- Detecting CXX compiler ABI info - done
[1.117s] -- Check for working CXX compiler: /usr/bin/c++ - skipped
[1.118s] -- Detecting CXX compile features
[1.120s] -- Detecting CXX compile features - done
[1.134s] -- Found ament_cmake: 2.5.4 (/opt/ros/jazzy/share/ament_cmake/cmake)
[1.456s] -- Found Python3: /usr/bin/python3 (found version "3.12.3") found components: Interpreter 
[1.771s] -- Found ros_gz_sim: 1.0.15 (/opt/ros/jazzy/share/ros_gz_sim/cmake)
[1.909s] -- Found rosidl_generator_c: 4.6.5 (/opt/ros/jazzy/share/rosidl_generator_c/cmake)
[1.954s] -- Found rosidl_generator_cpp: 4.6.5 (/opt/ros/jazzy/share/rosidl_generator_cpp/cmake)
[2.011s] -- Using all available rosidl_typesupport_c: rosidl_typesupport_fastrtps_c;rosidl_typesupport_introspection_c
[2.069s] -- Using all available rosidl_typesupport_cpp: rosidl_typesupport_fastrtps_cpp;rosidl_typesupport_introspection_cpp
[2.311s] -- Found rmw_implementation_cmake: 7.3.2 (/opt/ros/jazzy/share/rmw_implementation_cmake/cmake)
[2.322s] -- Found rmw_fastrtps_cpp: 8.4.2 (/opt/ros/jazzy/share/rmw_fastrtps_cpp/cmake)
[2.547s] -- Found OpenSSL: /usr/lib/x86_64-linux-gnu/libcrypto.so (found version "3.0.13")  
[2.597s] -- Found FastRTPS: /opt/ros/jazzy/include (Required is at least version "2.13") 
[2.648s] -- Using RMW implementation 'rmw_fastrtps_cpp' as default
[3.319s] -- Found nav_msgs: 5.3.6 (/opt/ros/jazzy/share/nav_msgs/cmake)
[3.386s] -- Found sensor_msgs: 5.3.6 (/opt/ros/jazzy/share/sensor_msgs/cmake)
[3.448s] -- Found gz_math_vendor: 0.0.8 (/opt/ros/jazzy/share/gz_math_vendor/cmake)
[3.474s] -- Looking for gz-math7 -- found version 7.5.2
[3.501s] -- Searching for dependencies of gz-math7
[3.506s] -- Looking for gz-utils2 -- found version 2.2.1
[3.506s] -- Searching for dependencies of gz-utils2
[3.518s] -- Found gz_sim_vendor: 0.0.8 (/opt/ros/jazzy/share/gz_sim_vendor/cmake)
[3.671s] -- Looking for gz-sim8 -- found version 8.9.0
[3.671s] -- Searching for dependencies of gz-sim8
[3.676s] -- Looking for sdformat14 -- found version 14.7.0
[3.677s] -- Searching for dependencies of sdformat14
[3.688s] -- Checking for module 'tinyxml2'
[3.723s] --   Found tinyxml2, version 10.0.0
[3.796s] -- Looking for gz-math7 -- found version 7.5.2
[3.797s] -- Looking for gz-utils2 -- found version 2.2.1
[3.797s] -- Searching for dependencies of gz-utils2
[3.797s] -- Searching for <gz-utils2> component [cli]
[3.804s] -- Looking for gz-utils2-cli -- found version 2.2.1
[3.804s] -- Searching for dependencies of gz-utils2-cli
[3.813s] -- Looking for gz-plugin2 -- found version 2.0.4
[3.813s] -- Searching for dependencies of gz-plugin2
[3.814s] -- Looking for gz-utils2 -- found version 2.2.1
[3.816s] -- Searching for <gz-plugin2> component [loader]
[3.821s] -- Looking for gz-plugin2-loader -- found version 2.0.4
[3.822s] -- Searching for dependencies of gz-plugin2-loader
[3.823s] -- Searching for <gz-plugin2> component [register]
[3.829s] -- Looking for gz-plugin2-register -- found version 2.0.4
[3.829s] -- Searching for dependencies of gz-plugin2-register
[3.836s] -- Looking for gz-transport13 -- found version 13.4.1
[3.836s] -- Searching for dependencies of gz-transport13
[4.143s] -- Found Protobuf: /usr/lib/x86_64-linux-gnu/libprotobuf.so (found version "3.21.12") 
[4.175s] -- Config-file not installed for ZeroMQ -- checking for pkg-config
[4.187s] -- Checking for module 'libzmq >= 4'
[4.226s] --   Found libzmq, version 4.3.5
[4.325s] -- Found ZeroMQ: TRUE (Required is at least version "4") 
[4.348s] -- Checking for module 'uuid'
[4.397s] --   Found uuid, version 2.39.3
[4.471s] -- Found UUID: TRUE  
[4.472s] -- Looking for gz-utils2 -- found version 2.2.1
[4.478s] -- Looking for gz-msgs10 -- found version 10.3.2
[4.478s] -- Searching for dependencies of gz-msgs10
[4.520s] -- Looking for gz-utils2 -- found version 2.2.1
[4.521s] -- Looking for gz-math7 -- found version 7.5.2
[4.539s] -- Searching for <gz-transport13> component [log]
[4.544s] -- Looking for gz-transport13-log -- found version 13.4.1
[4.545s] -- Searching for dependencies of gz-transport13-log
[4.546s] -- Searching for <gz-transport13> component [parameters]
[4.552s] -- Looking for gz-transport13-parameters -- found version 13.4.1
[4.552s] -- Searching for dependencies of gz-transport13-parameters
[4.555s] -- Looking for gz-msgs10 -- found version 10.3.2
[4.562s] -- Looking for gz-common5 -- found version 5.7.1
[4.562s] -- Searching for dependencies of gz-common5
[4.563s] -- Looking for gz-utils2 -- found version 2.2.1
[4.564s] -- Looking for dlfcn.h - found
[4.568s] -- Looking for libdl - found
[4.571s] -- Found DL: TRUE  
[4.586s] -- Searching for <gz-common5> component [av]
[4.592s] -- Looking for gz-common5-av -- found version 5.7.1
[4.593s] -- Searching for dependencies of gz-common5-av
[4.604s] -- Checking for module 'libswscale'
[4.640s] --   Found libswscale, version 7.5.100
[4.719s] -- Found SWSCALE: TRUE  
[4.730s] -- Checking for module 'libavdevice >= 56.4.100'
[4.765s] --   Found libavdevice, version 60.3.100
[4.871s] -- Found AVDEVICE: TRUE (Required is at least version "56.4.100") 
[4.882s] -- Checking for module 'libavformat'
[4.923s] --   Found libavformat, version 60.16.100
[5.008s] -- Found AVFORMAT: TRUE  
[5.019s] -- Checking for module 'libavcodec'
[5.055s] --   Found libavcodec, version 60.31.102
[5.136s] -- Found AVCODEC: TRUE  
[5.149s] -- Checking for module 'libavutil'
[5.189s] --   Found libavutil, version 58.29.100
[5.266s] -- Found AVUTIL: TRUE  
[5.269s] -- Searching for <gz-common5> component [events]
[5.275s] -- Looking for gz-common5-events -- found version 5.7.1
[5.275s] -- Searching for dependencies of gz-common5-events
[5.276s] -- Looking for gz-math7 -- found version 7.5.2
[5.278s] -- Searching for <gz-common5> component [graphics]
[5.285s] -- Looking for gz-common5-graphics -- found version 5.7.1
[5.285s] -- Searching for dependencies of gz-common5-graphics
[5.286s] -- Looking for gz-math7 -- found version 7.5.2
[5.300s] -- Found GzAssimp: TRUE (found version "5.3.0") 
[5.302s] -- Searching for <gz-common5> component [io]
[5.308s] -- Looking for gz-common5-io -- found version 5.7.1
[5.309s] -- Searching for dependencies of gz-common5-io
[5.310s] -- Searching for <gz-common5> component [profiler]
[5.317s] -- Looking for gz-common5-profiler -- found version 5.7.1
[5.317s] -- Searching for dependencies of gz-common5-profiler
[5.325s] -- Looking for gz-fuel_tools9 -- found version 9.1.1
[5.326s] -- Searching for dependencies of gz-fuel_tools9
[5.518s] -- Found CURL: /usr/lib/x86_64-linux-gnu/libcurl.so (found version "8.5.0")  
[5.543s] -- Checking for module 'jsoncpp'
[5.579s] --   Found jsoncpp, version 1.9.5
[5.655s] -- Found JSONCPP: TRUE  
[5.693s] -- Checking for module 'yaml-0.1'
[5.730s] --   Found yaml-0.1, version 0.2.5
[5.807s] -- Found YAML: TRUE  
[5.818s] -- Checking for module 'libzip'
[5.854s] --   Found libzip, version 1.7.3
[5.931s] -- Found ZIP: TRUE  
[5.931s] -- Looking for gz-utils2 -- found version 2.2.1
[5.932s] -- Looking for gz-common5 -- found version 5.7.1
[5.932s] -- Searching for dependencies of gz-common5
[5.933s] -- Looking for gz-utils2 -- found version 2.2.1
[5.933s] -- Looking for dlfcn.h - found
[5.934s] -- Looking for libdl - found
[5.949s] -- Searching for <gz-common5> component [testing]
[5.956s] -- Looking for gz-common5-testing -- found version 5.7.1
[5.956s] -- Searching for dependencies of gz-common5-testing
[5.959s] -- Looking for gz-math7 -- found version 7.5.2
[5.959s] -- Looking for gz-msgs10 -- found version 10.3.2
[5.967s] -- Looking for gz-gui8 -- found version 8.4.0
[5.967s] -- Searching for dependencies of gz-gui8
[6.021s] -- Looking for gz-utils2 -- found version 2.2.1
[6.021s] -- Looking for gz-math7 -- found version 7.5.2
[6.022s] -- Looking for gz-common5 -- found version 5.7.1
[6.023s] -- Looking for gz-plugin2 -- found version 2.0.4
[6.023s] -- Looking for gz-transport13 -- found version 13.4.1
[6.030s] -- Looking for gz-rendering8 -- found version 8.2.2
[6.030s] -- Searching for dependencies of gz-rendering8
[6.031s] -- Looking for gz-math7 -- found version 7.5.2
[6.032s] -- Searching for dependencies of gz-math7
[6.032s] -- Looking for gz-utils2 -- found version 2.2.1
[6.032s] -- Searching for <gz-math7> component [eigen3]
[6.039s] -- Looking for gz-math7-eigen3 -- found version 7.5.2
[6.040s] -- Searching for dependencies of gz-math7-eigen3
[6.061s] -- Looking for gz-common5 -- found version 5.7.1
[6.062s] -- Searching for dependencies of gz-common5
[6.062s] -- Looking for gz-utils2 -- found version 2.2.1
[6.062s] -- Looking for dlfcn.h - found
[6.063s] -- Looking for libdl - found
[6.079s] -- Searching for <gz-common5> component [graphics]
[6.079s] -- Searching for <gz-common5> component [events]
[6.079s] -- Searching for <gz-common5> component [geospatial]
[6.086s] -- Looking for gz-common5-geospatial -- found version 5.7.1
[6.086s] -- Searching for dependencies of gz-common5-geospatial
[6.086s] -- Looking for gz-math7 -- found version 7.5.2
[6.087s] -- Looking for gz-common5 -- found version 5.7.1
[6.090s] -- Looking for gz-plugin2 -- found version 2.0.4
[6.091s] -- Searching for dependencies of gz-plugin2
[6.091s] -- Looking for gz-utils2 -- found version 2.2.1
[6.092s] -- Searching for <gz-plugin2> component [all]
[6.099s] -- Looking for all libraries of gz-plugin2 -- found version 2.0.4
[6.100s] -- Looking for gz-plugin2 -- found version 2.0.4
[6.103s] -- Looking for gz-utils2 -- found version 2.2.1
[6.135s] -- Found OpenGL: /usr/lib/x86_64-linux-gnu/libOpenGL.so  found components: OpenGL 
[6.139s] -- Looking for gz-msgs10 -- found version 10.3.2
[6.227s] -- Looking for gz-physics7 -- found version 7.5.0
[6.227s] -- Searching for dependencies of gz-physics7
[6.228s] -- Looking for gz-common5 -- found version 5.7.1
[6.229s] -- Looking for gz-math7 -- found version 7.5.2
[6.229s] -- Looking for gz-plugin2 -- found version 2.0.4
[6.230s] -- Looking for gz-utils2 -- found version 2.2.1
[6.234s] -- Searching for <gz-physics7> component [heightmap]
[6.239s] -- Looking for gz-physics7-heightmap -- found version 7.5.0
[6.239s] -- Searching for dependencies of gz-physics7-heightmap
[6.240s] -- Looking for gz-common5 -- found version 5.7.1
[6.241s] -- Searching for <gz-physics7> component [mesh]
[6.246s] -- Looking for gz-physics7-mesh -- found version 7.5.0
[6.246s] -- Searching for dependencies of gz-physics7-mesh
[6.247s] -- Looking for gz-common5 -- found version 5.7.1
[6.248s] -- Searching for <gz-physics7> component [sdf]
[6.253s] -- Looking for gz-physics7-sdf -- found version 7.5.0
[6.254s] -- Searching for dependencies of gz-physics7-sdf
[6.254s] -- Looking for sdformat14 -- found version 14.7.0
[6.263s] -- Looking for gz-sensors8 -- found version 8.2.2
[6.264s] -- Searching for dependencies of gz-sensors8
[6.306s] -- Looking for gz-math7 -- found version 7.5.2
[6.306s] -- Looking for gz-common5 -- found version 5.7.1
[6.307s] -- Looking for gz-transport13 -- found version 13.4.1
[6.308s] -- Looking for gz-rendering8 -- found version 8.2.2
[6.309s] -- Looking for gz-msgs10 -- found version 10.3.2
[6.309s] -- Looking for sdformat14 -- found version 14.7.0
[6.312s] -- Searching for <gz-sensors8> component [air_pressure]
[6.317s] -- Looking for gz-sensors8-air_pressure -- found version 8.2.2
[6.317s] -- Searching for dependencies of gz-sensors8-air_pressure
[6.319s] -- Searching for <gz-sensors8> component [air_speed]
[6.323s] -- Looking for gz-sensors8-air_speed -- found version 8.2.2
[6.324s] -- Searching for dependencies of gz-sensors8-air_speed
[6.325s] -- Searching for <gz-sensors8> component [altimeter]
[6.330s] -- Looking for gz-sensors8-altimeter -- found version 8.2.2
[6.330s] -- Searching for dependencies of gz-sensors8-altimeter
[6.332s] -- Searching for <gz-sensors8> component [imu]
[6.336s] -- Looking for gz-sensors8-imu -- found version 8.2.2
[6.336s] -- Searching for dependencies of gz-sensors8-imu
[6.338s] -- Searching for <gz-sensors8> component [force_torque]
[6.343s] -- Looking for gz-sensors8-force_torque -- found version 8.2.2
[6.343s] -- Searching for dependencies of gz-sensors8-force_torque
[6.344s] -- Searching for <gz-sensors8> component [logical_camera]
[6.349s] -- Looking for gz-sensors8-logical_camera -- found version 8.2.2
[6.349s] -- Searching for dependencies of gz-sensors8-logical_camera
[6.351s] -- Searching for <gz-sensors8> component [magnetometer]
[6.355s] -- Looking for gz-sensors8-magnetometer -- found version 8.2.2
[6.356s] -- Searching for dependencies of gz-sensors8-magnetometer
[6.357s] -- Searching for <gz-sensors8> component [navsat]
[6.362s] -- Looking for gz-sensors8-navsat -- found version 8.2.2
[6.362s] -- Searching for dependencies of gz-sensors8-navsat
[6.364s] -- Searching for <gz-sensors8> component [dvl]
[6.368s] -- Looking for gz-sensors8-dvl -- found version 8.2.2
[6.369s] -- Searching for dependencies of gz-sensors8-dvl
[6.369s] -- Looking for gz-sensors8 -- found version 8.2.2
[6.370s] -- Searching for dependencies of gz-sensors8
[6.412s] -- Looking for gz-math7 -- found version 7.5.2
[6.413s] -- Looking for gz-common5 -- found version 5.7.1
[6.413s] -- Looking for gz-transport13 -- found version 13.4.1
[6.414s] -- Looking for gz-rendering8 -- found version 8.2.2
[6.415s] -- Looking for gz-msgs10 -- found version 10.3.2
[6.416s] -- Looking for sdformat14 -- found version 14.7.0
[6.416s] -- Searching for <gz-sensors8> component [rendering]
[6.421s] -- Looking for gz-sensors8-rendering -- found version 8.2.2
[6.422s] -- Searching for dependencies of gz-sensors8-rendering
[6.425s] -- Searching for <gz-sensors8> component [rendering]
[6.425s] -- Searching for <gz-sensors8> component [lidar]
[6.430s] -- Looking for gz-sensors8-lidar -- found version 8.2.2
[6.430s] -- Searching for dependencies of gz-sensors8-lidar
[6.431s] -- Looking for gz-sensors8 -- found version 8.2.2
[6.433s] -- Searching for <gz-sensors8> component [gpu_lidar]
[6.437s] -- Looking for gz-sensors8-gpu_lidar -- found version 8.2.2
[6.438s] -- Searching for dependencies of gz-sensors8-gpu_lidar
[6.438s] -- Looking for gz-sensors8 -- found version 8.2.2
[6.440s] -- Searching for <gz-sensors8> component [camera]
[6.445s] -- Looking for gz-sensors8-camera -- found version 8.2.2
[6.445s] -- Searching for dependencies of gz-sensors8-camera
[6.446s] -- Looking for gz-sensors8 -- found version 8.2.2
[6.448s] -- Searching for <gz-sensors8> component [boundingbox_camera]
[6.452s] -- Looking for gz-sensors8-boundingbox_camera -- found version 8.2.2
[6.453s] -- Searching for dependencies of gz-sensors8-boundingbox_camera
[6.454s] -- Searching for <gz-sensors8> component [segmentation_camera]
[6.459s] -- Looking for gz-sensors8-segmentation_camera -- found version 8.2.2
[6.459s] -- Searching for dependencies of gz-sensors8-segmentation_camera
[6.461s] -- Searching for <gz-sensors8> component [depth_camera]
[6.466s] -- Looking for gz-sensors8-depth_camera -- found version 8.2.2
[6.467s] -- Searching for dependencies of gz-sensors8-depth_camera
[6.467s] -- Looking for gz-sensors8 -- found version 8.2.2
[6.469s] -- Searching for <gz-sensors8> component [rgbd_camera]
[6.474s] -- Looking for gz-sensors8-rgbd_camera -- found version 8.2.2
[6.474s] -- Searching for dependencies of gz-sensors8-rgbd_camera
[6.475s] -- Looking for gz-sensors8 -- found version 8.2.2
[6.477s] -- Searching for <gz-sensors8> component [thermal_camera]
[6.481s] -- Looking for gz-sensors8-thermal_camera -- found version 8.2.2
[6.481s] -- Searching for dependencies of gz-sensors8-thermal_camera
[6.482s] -- Looking for gz-sensors8 -- found version 8.2.2
[6.484s] -- Searching for <gz-sensors8> component [wide_angle_camera]
[6.489s] -- Looking for gz-sensors8-wide_angle_camera -- found version 8.2.2
[6.489s] -- Searching for dependencies of gz-sensors8-wide_angle_camera
[6.492s] -- Looking for gz-rendering8 -- found version 8.2.2
[6.492s] -- Looking for gz-math7 -- found version 7.5.2
[6.496s] -- Looking for gz-utils2 -- found version 2.2.1
[6.542s] -- Looking for gz-plugin2 -- found version 2.0.4
[6.754s] -- Configuring done (6.7s)
[6.832s] -- Generating done (0.1s)
[6.850s] -- Build files have been written to: /home/neo/turtlebot3_ws/src/turtlebot3_simulations/build/turtlebot3_gazebo
[6.888s] Invoked command in '/home/neo/turtlebot3_ws/src/turtlebot3_simulations/build/turtlebot3_gazebo' returned '0': CMAKE_PREFIX_PATH=${CMAKE_PREFIX_PATH}:/opt/ros/jazzy /usr/bin/cmake /home/neo/turtlebot3_ws/src/turtlebot3_simulations/turtlebot3_gazebo -DCMAKE_INSTALL_PREFIX=/home/neo/turtlebot3_ws/src/turtlebot3_simulations/install/turtlebot3_gazebo
[6.892s] Invoking command in '/home/neo/turtlebot3_ws/src/turtlebot3_simulations/build/turtlebot3_gazebo': CMAKE_PREFIX_PATH=${CMAKE_PREFIX_PATH}:/opt/ros/jazzy /usr/bin/cmake --build /home/neo/turtlebot3_ws/src/turtlebot3_simulations/build/turtlebot3_gazebo -- -j4 -l4
[7.030s] [ 12%] [32mBuilding CXX object CMakeFiles/obstacle2.dir/src/obstacle2.cpp.o[0m
[7.035s] [ 25%] [32mBuilding CXX object CMakeFiles/turtlebot3_drive.dir/src/turtlebot3_drive.cpp.o[0m
[7.049s] [ 37%] [32mBuilding CXX object CMakeFiles/obstacle1.dir/src/obstacle1.cpp.o[0m
[7.053s] [ 50%] [32mBuilding CXX object CMakeFiles/obstacles.dir/src/obstacles.cpp.o[0m
[14.105s] [ 62%] [32m[1mLinking CXX shared library libobstacle2.so[0m
[14.209s] [ 75%] [32m[1mLinking CXX shared library libobstacle1.so[0m
[15.184s] [ 75%] Built target obstacle1
[15.207s] [ 75%] Built target obstacle2
[15.919s] [ 87%] [32m[1mLinking CXX shared library libobstacles.so[0m
[16.533s] [ 87%] Built target obstacles
[31.733s] [100%] [32m[1mLinking CXX executable turtlebot3_drive[0m
[33.034s] [100%] Built target turtlebot3_drive
[33.068s] Invoked command in '/home/neo/turtlebot3_ws/src/turtlebot3_simulations/build/turtlebot3_gazebo' returned '0': CMAKE_PREFIX_PATH=${CMAKE_PREFIX_PATH}:/opt/ros/jazzy /usr/bin/cmake --build /home/neo/turtlebot3_ws/src/turtlebot3_simulations/build/turtlebot3_gazebo -- -j4 -l4
[33.070s] Invoking command in '/home/neo/turtlebot3_ws/src/turtlebot3_simulations/build/turtlebot3_gazebo': CMAKE_PREFIX_PATH=${CMAKE_PREFIX_PATH}:/opt/ros/jazzy /usr/bin/cmake --install /home/neo/turtlebot3_ws/src/turtlebot3_simulations/build/turtlebot3_gazebo
[33.087s] -- Install configuration: ""
[33.087s] -- Installing: /home/neo/turtlebot3_ws/src/turtlebot3_simulations/install/turtlebot3_gazebo/lib/turtlebot3_gazebo/turtlebot3_drive
[33.101s] -- Set non-toolchain portion of runtime path of "/home/neo/turtlebot3_ws/src/turtlebot3_simulations/install/turtlebot3_gazebo/lib/turtlebot3_gazebo/turtlebot3_drive" to ""
[33.101s] -- Installing: /home/neo/turtlebot3_ws/src/turtlebot3_simulations/install/turtlebot3_gazebo/lib/turtlebot3_gazebo/libobstacles.so
[33.103s] -- Set non-toolchain portion of runtime path of "/home/neo/turtlebot3_ws/src/turtlebot3_simulations/install/turtlebot3_gazebo/lib/turtlebot3_gazebo/libobstacles.so" to ""
[33.104s] -- Installing: /home/neo/turtlebot3_ws/src/turtlebot3_simulations/install/turtlebot3_gazebo/lib/turtlebot3_gazebo/libobstacle1.so
[33.104s] -- Set non-toolchain portion of runtime path of "/home/neo/turtlebot3_ws/src/turtlebot3_simulations/install/turtlebot3_gazebo/lib/turtlebot3_gazebo/libobstacle1.so" to ""
[33.105s] -- Installing: /home/neo/turtlebot3_ws/src/turtlebot3_simulations/install/turtlebot3_gazebo/lib/turtlebot3_gazebo/libobstacle2.so
[33.106s] -- Set non-toolchain portion of runtime path of "/home/neo/turtlebot3_ws/src/turtlebot3_simulations/install/turtlebot3_gazebo/lib/turtlebot3_gazebo/libobstacle2.so" to ""
[33.107s] -- Installing: /home/neo/turtlebot3_ws/src/turtlebot3_simulations/install/turtlebot3_gazebo/share/turtlebot3_gazebo//launch
[33.107s] -- Installing: /home/neo/turtlebot3_ws/src/turtlebot3_simulations/install/turtlebot3_gazebo/share/turtlebot3_gazebo//launch/turtlebot3_dqn_stage3.launch.py
[33.108s] -- Installing: /home/neo/turtlebot3_ws/src/turtlebot3_simulations/install/turtlebot3_gazebo/share/turtlebot3_gazebo//launch/robot_state_publisher.launch.py
[33.108s] -- Installing: /home/neo/turtlebot3_ws/src/turtlebot3_simulations/install/turtlebot3_gazebo/share/turtlebot3_gazebo//launch/empty_world.launch.py
[33.109s] -- Installing: /home/neo/turtlebot3_ws/src/turtlebot3_simulations/install/turtlebot3_gazebo/share/turtlebot3_gazebo//launch/turtlebot3_world.launch.py
[33.109s] -- Installing: /home/neo/turtlebot3_ws/src/turtlebot3_simulations/install/turtlebot3_gazebo/share/turtlebot3_gazebo//launch/turtlebot3_house.launch.py
[33.110s] -- Installing: /home/neo/turtlebot3_ws/src/turtlebot3_simulations/install/turtlebot3_gazebo/share/turtlebot3_gazebo//launch/turtlebot3_dqn_stage4.launch.py
[33.110s] -- Installing: /home/neo/turtlebot3_ws/src/turtlebot3_simulations/install/turtlebot3_gazebo/share/turtlebot3_gazebo//launch/turtlebot3_dqn_stage1.launch.py
[33.111s] -- Installing: /home/neo/turtlebot3_ws/src/turtlebot3_simulations/install/turtlebot3_gazebo/share/turtlebot3_gazebo//launch/spawn_turtlebot3.launch.py
[33.111s] -- Installing: /home/neo/turtlebot3_ws/src/turtlebot3_simulations/install/turtlebot3_gazebo/share/turtlebot3_gazebo//launch/turtlebot3_dqn_stage2.launch.py
[33.112s] -- Installing: /home/neo/turtlebot3_ws/src/turtlebot3_simulations/install/turtlebot3_gazebo/share/turtlebot3_gazebo//models
[33.112s] -- Installing: /home/neo/turtlebot3_ws/src/turtlebot3_simulations/install/turtlebot3_gazebo/share/turtlebot3_gazebo//models/turtlebot3_burger_cam
[33.112s] -- Installing: /home/neo/turtlebot3_ws/src/turtlebot3_simulations/install/turtlebot3_gazebo/share/turtlebot3_gazebo//models/turtlebot3_burger_cam/model-1_4.sdf
[33.113s] -- Installing: /home/neo/turtlebot3_ws/src/turtlebot3_simulations/install/turtlebot3_gazebo/share/turtlebot3_gazebo//models/turtlebot3_burger_cam/model.sdf
[33.114s] -- Installing: /home/neo/turtlebot3_ws/src/turtlebot3_simulations/install/turtlebot3_gazebo/share/turtlebot3_gazebo//models/turtlebot3_burger_cam/model.config
[33.114s] -- Installing: /home/neo/turtlebot3_ws/src/turtlebot3_simulations/install/turtlebot3_gazebo/share/turtlebot3_gazebo//models/turtlebot3_dqn_world
[33.114s] -- Installing: /home/neo/turtlebot3_ws/src/turtlebot3_simulations/install/turtlebot3_gazebo/share/turtlebot3_gazebo//models/turtlebot3_dqn_world/textures
[33.115s] -- Installing: /home/neo/turtlebot3_ws/src/turtlebot3_simulations/install/turtlebot3_gazebo/share/turtlebot3_gazebo//models/turtlebot3_dqn_world/textures/wood.png
[33.115s] -- Installing: /home/neo/turtlebot3_ws/src/turtlebot3_simulations/install/turtlebot3_gazebo/share/turtlebot3_gazebo//models/turtlebot3_dqn_world/obstacles
[33.116s] -- Installing: /home/neo/turtlebot3_ws/src/turtlebot3_simulations/install/turtlebot3_gazebo/share/turtlebot3_gazebo//models/turtlebot3_dqn_world/obstacles/model.sdf
[33.116s] -- Installing: /home/neo/turtlebot3_ws/src/turtlebot3_simulations/install/turtlebot3_gazebo/share/turtlebot3_gazebo//models/turtlebot3_dqn_world/obstacles/model.config
[33.116s] -- Installing: /home/neo/turtlebot3_ws/src/turtlebot3_simulations/install/turtlebot3_gazebo/share/turtlebot3_gazebo//models/turtlebot3_dqn_world/goal_box
[33.117s] -- Installing: /home/neo/turtlebot3_ws/src/turtlebot3_simulations/install/turtlebot3_gazebo/share/turtlebot3_gazebo//models/turtlebot3_dqn_world/goal_box/model.sdf
[33.118s] -- Installing: /home/neo/turtlebot3_ws/src/turtlebot3_simulations/install/turtlebot3_gazebo/share/turtlebot3_gazebo//models/turtlebot3_dqn_world/goal_box/model.config
[33.118s] -- Installing: /home/neo/turtlebot3_ws/src/turtlebot3_simulations/install/turtlebot3_gazebo/share/turtlebot3_gazebo//models/turtlebot3_dqn_world/obstacle2
[33.118s] -- Installing: /home/neo/turtlebot3_ws/src/turtlebot3_simulations/install/turtlebot3_gazebo/share/turtlebot3_gazebo//models/turtlebot3_dqn_world/obstacle2/model.sdf
[33.119s] -- Installing: /home/neo/turtlebot3_ws/src/turtlebot3_simulations/install/turtlebot3_gazebo/share/turtlebot3_gazebo//models/turtlebot3_dqn_world/obstacle2/model.config
[33.119s] -- Installing: /home/neo/turtlebot3_ws/src/turtlebot3_simulations/install/turtlebot3_gazebo/share/turtlebot3_gazebo//models/turtlebot3_dqn_world/model.sdf
[33.120s] -- Installing: /home/neo/turtlebot3_ws/src/turtlebot3_simulations/install/turtlebot3_gazebo/share/turtlebot3_gazebo//models/turtlebot3_dqn_world/model.config
[33.120s] -- Installing: /home/neo/turtlebot3_ws/src/turtlebot3_simulations/install/turtlebot3_gazebo/share/turtlebot3_gazebo//models/turtlebot3_dqn_world/inner_walls
[33.121s] -- Installing: /home/neo/turtlebot3_ws/src/turtlebot3_simulations/install/turtlebot3_gazebo/share/turtlebot3_gazebo//models/turtlebot3_dqn_world/inner_walls/textures
[33.121s] -- Installing: /home/neo/turtlebot3_ws/src/turtlebot3_simulations/install/turtlebot3_gazebo/share/turtlebot3_gazebo//models/turtlebot3_dqn_world/inner_walls/textures/wood.png
[33.122s] -- Installing: /home/neo/turtlebot3_ws/src/turtlebot3_simulations/install/turtlebot3_gazebo/share/turtlebot3_gazebo//models/turtlebot3_dqn_world/inner_walls/model.sdf
[33.122s] -- Installing: /home/neo/turtlebot3_ws/src/turtlebot3_simulations/install/turtlebot3_gazebo/share/turtlebot3_gazebo//models/turtlebot3_dqn_world/inner_walls/model.config
[33.122s] -- Installing: /home/neo/turtlebot3_ws/src/turtlebot3_simulations/install/turtlebot3_gazebo/share/turtlebot3_gazebo//models/turtlebot3_dqn_world/obstacle1
[33.123s] -- Installing: /home/neo/turtlebot3_ws/src/turtlebot3_simulations/install/turtlebot3_gazebo/share/turtlebot3_gazebo//models/turtlebot3_dqn_world/obstacle1/model.sdf
[33.123s] -- Installing: /home/neo/turtlebot3_ws/src/turtlebot3_simulations/install/turtlebot3_gazebo/share/turtlebot3_gazebo//models/turtlebot3_dqn_world/obstacle1/model.config
[33.123s] -- Installing: /home/neo/turtlebot3_ws/src/turtlebot3_simulations/install/turtlebot3_gazebo/share/turtlebot3_gazebo//models/turtlebot3_house
[33.124s] -- Installing: /home/neo/turtlebot3_ws/src/turtlebot3_simulations/install/turtlebot3_gazebo/share/turtlebot3_gazebo//models/turtlebot3_house/textures
[33.124s] -- Installing: /home/neo/turtlebot3_ws/src/turtlebot3_simulations/install/turtlebot3_gazebo/share/turtlebot3_gazebo//models/turtlebot3_house/textures/bricks.png
[33.127s] -- Installing: /home/neo/turtlebot3_ws/src/turtlebot3_simulations/install/turtlebot3_gazebo/share/turtlebot3_gazebo//models/turtlebot3_house/textures/wood.png
[33.130s] -- Installing: /home/neo/turtlebot3_ws/src/turtlebot3_simulations/install/turtlebot3_gazebo/share/turtlebot3_gazebo//models/turtlebot3_house/first_2015_trash_can
[33.131s] -- Installing: /home/neo/turtlebot3_ws/src/turtlebot3_simulations/install/turtlebot3_gazebo/share/turtlebot3_gazebo//models/turtlebot3_house/first_2015_trash_can/model.sdf
[33.131s] -- Installing: /home/neo/turtlebot3_ws/src/turtlebot3_simulations/install/turtlebot3_gazebo/share/turtlebot3_gazebo//models/turtlebot3_house/first_2015_trash_can/model.config
[33.132s] -- Installing: /home/neo/turtlebot3_ws/src/turtlebot3_simulations/install/turtlebot3_gazebo/share/turtlebot3_gazebo//models/turtlebot3_house/first_2015_trash_can/meshes
[33.132s] -- Installing: /home/neo/turtlebot3_ws/src/turtlebot3_simulations/install/turtlebot3_gazebo/share/turtlebot3_gazebo//models/turtlebot3_house/first_2015_trash_can/meshes/trash_can.dae
[33.137s] -- Installing: /home/neo/turtlebot3_ws/src/turtlebot3_simulations/install/turtlebot3_gazebo/share/turtlebot3_gazebo//models/turtlebot3_house/table_marble
[33.137s] -- Installing: /home/neo/turtlebot3_ws/src/turtlebot3_simulations/install/turtlebot3_gazebo/share/turtlebot3_gazebo//models/turtlebot3_house/table_marble/materials
[33.138s] -- Installing: /home/neo/turtlebot3_ws/src/turtlebot3_simulations/install/turtlebot3_gazebo/share/turtlebot3_gazebo//models/turtlebot3_house/table_marble/materials/textures
[33.138s] -- Installing: /home/neo/turtlebot3_ws/src/turtlebot3_simulations/install/turtlebot3_gazebo/share/turtlebot3_gazebo//models/turtlebot3_house/table_marble/materials/textures/marble.png
[33.139s] -- Installing: /home/neo/turtlebot3_ws/src/turtlebot3_simulations/install/turtlebot3_gazebo/share/turtlebot3_gazebo//models/turtlebot3_house/table_marble/materials/textures/table_lightmap.png
[33.140s] -- Installing: /home/neo/turtlebot3_ws/src/turtlebot3_simulations/install/turtlebot3_gazebo/share/turtlebot3_gazebo//models/turtlebot3_house/table_marble/materials/scripts
[33.140s] -- Installing: /home/neo/turtlebot3_ws/src/turtlebot3_simulations/install/turtlebot3_gazebo/share/turtlebot3_gazebo//models/turtlebot3_house/table_marble/materials/scripts/table_lightmap.material
[33.141s] -- Installing: /home/neo/turtlebot3_ws/src/turtlebot3_simulations/install/turtlebot3_gazebo/share/turtlebot3_gazebo//models/turtlebot3_house/table_marble/model-1_4.sdf
[33.141s] -- Installing: /home/neo/turtlebot3_ws/src/turtlebot3_simulations/install/turtlebot3_gazebo/share/turtlebot3_gazebo//models/turtlebot3_house/table_marble/model.sdf
[33.142s] -- Installing: /home/neo/turtlebot3_ws/src/turtlebot3_simulations/install/turtlebot3_gazebo/share/turtlebot3_gazebo//models/turtlebot3_house/table_marble/model.config
[33.142s] -- Installing: /home/neo/turtlebot3_ws/src/turtlebot3_simulations/install/turtlebot3_gazebo/share/turtlebot3_gazebo//models/turtlebot3_house/table_marble/meshes
[33.143s] -- Installing: /home/neo/turtlebot3_ws/src/turtlebot3_simulations/install/turtlebot3_gazebo/share/turtlebot3_gazebo//models/turtlebot3_house/table_marble/meshes/table_lightmap.dae
[33.143s] -- Installing: /home/neo/turtlebot3_ws/src/turtlebot3_simulations/install/turtlebot3_gazebo/share/turtlebot3_gazebo//models/turtlebot3_house/model.sdf
[33.145s] -- Installing: /home/neo/turtlebot3_ws/src/turtlebot3_simulations/install/turtlebot3_gazebo/share/turtlebot3_gazebo//models/turtlebot3_house/model.config
[33.146s] -- Installing: /home/neo/turtlebot3_ws/src/turtlebot3_simulations/install/turtlebot3_gazebo/share/turtlebot3_gazebo//models/turtlebot3_house/mailbox
[33.146s] -- Installing: /home/neo/turtlebot3_ws/src/turtlebot3_simulations/install/turtlebot3_gazebo/share/turtlebot3_gazebo//models/turtlebot3_house/mailbox/materials
[33.146s] -- Installing: /home/neo/turtlebot3_ws/src/turtlebot3_simulations/install/turtlebot3_gazebo/share/turtlebot3_gazebo//models/turtlebot3_house/mailbox/materials/textures
[33.147s] -- Installing: /home/neo/turtlebot3_ws/src/turtlebot3_simulations/install/turtlebot3_gazebo/share/turtlebot3_gazebo//models/turtlebot3_house/mailbox/materials/textures/Mailbox_Diffuse.png
[33.147s] -- Installing: /home/neo/turtlebot3_ws/src/turtlebot3_simulations/install/turtlebot3_gazebo/share/turtlebot3_gazebo//models/turtlebot3_house/mailbox/materials/textures/Mailbox_Diffuse.tga.orig
[33.151s] -- Installing: /home/neo/turtlebot3_ws/src/turtlebot3_simulations/install/turtlebot3_gazebo/share/turtlebot3_gazebo//models/turtlebot3_house/mailbox/materials/textures/Mailbox_Spec.png
[33.153s] -- Installing: /home/neo/turtlebot3_ws/src/turtlebot3_simulations/install/turtlebot3_gazebo/share/turtlebot3_gazebo//models/turtlebot3_house/mailbox/materials/scripts
[33.153s] -- Installing: /home/neo/turtlebot3_ws/src/turtlebot3_simulations/install/turtlebot3_gazebo/share/turtlebot3_gazebo//models/turtlebot3_house/mailbox/materials/scripts/mailbox.material
[33.154s] -- Installing: /home/neo/turtlebot3_ws/src/turtlebot3_simulations/install/turtlebot3_gazebo/share/turtlebot3_gazebo//models/turtlebot3_house/mailbox/model-1_4.sdf
[33.154s] -- Installing: /home/neo/turtlebot3_ws/src/turtlebot3_simulations/install/turtlebot3_gazebo/share/turtlebot3_gazebo//models/turtlebot3_house/mailbox/model-1_3.sdf
[33.155s] -- Installing: /home/neo/turtlebot3_ws/src/turtlebot3_simulations/install/turtlebot3_gazebo/share/turtlebot3_gazebo//models/turtlebot3_house/mailbox/model.sdf
[33.155s] -- Installing: /home/neo/turtlebot3_ws/src/turtlebot3_simulations/install/turtlebot3_gazebo/share/turtlebot3_gazebo//models/turtlebot3_house/mailbox/model.config
[33.156s] -- Installing: /home/neo/turtlebot3_ws/src/turtlebot3_simulations/install/turtlebot3_gazebo/share/turtlebot3_gazebo//models/turtlebot3_house/mailbox/meshes
[33.156s] -- Installing: /home/neo/turtlebot3_ws/src/turtlebot3_simulations/install/turtlebot3_gazebo/share/turtlebot3_gazebo//models/turtlebot3_house/mailbox/meshes/mailbox.dae
[33.157s] -- Installing: /home/neo/turtlebot3_ws/src/turtlebot3_simulations/install/turtlebot3_gazebo/share/turtlebot3_gazebo//models/turtlebot3_house/cafe_table
[33.157s] -- Installing: /home/neo/turtlebot3_ws/src/turtlebot3_simulations/install/turtlebot3_gazebo/share/turtlebot3_gazebo//models/turtlebot3_house/cafe_table/materials
[33.157s] -- Installing: /home/neo/turtlebot3_ws/src/turtlebot3_simulations/install/turtlebot3_gazebo/share/turtlebot3_gazebo//models/turtlebot3_house/cafe_table/materials/textures
[33.158s] -- Installing: /home/neo/turtlebot3_ws/src/turtlebot3_simulations/install/turtlebot3_gazebo/share/turtlebot3_gazebo//models/turtlebot3_house/cafe_table/materials/textures/Wood_Floor_Dark.jpg
[33.159s] -- Installing: /home/neo/turtlebot3_ws/src/turtlebot3_simulations/install/turtlebot3_gazebo/share/turtlebot3_gazebo//models/turtlebot3_house/cafe_table/materials/textures/Maple.jpg
[33.159s] -- Installing: /home/neo/turtlebot3_ws/src/turtlebot3_simulations/install/turtlebot3_gazebo/share/turtlebot3_gazebo//models/turtlebot3_house/cafe_table/model-1_4.sdf
[33.159s] -- Installing: /home/neo/turtlebot3_ws/src/turtlebot3_simulations/install/turtlebot3_gazebo/share/turtlebot3_gazebo//models/turtlebot3_house/cafe_table/model.sdf
[33.160s] -- Installing: /home/neo/turtlebot3_ws/src/turtlebot3_simulations/install/turtlebot3_gazebo/share/turtlebot3_gazebo//models/turtlebot3_house/cafe_table/model.config
[33.160s] -- Installing: /home/neo/turtlebot3_ws/src/turtlebot3_simulations/install/turtlebot3_gazebo/share/turtlebot3_gazebo//models/turtlebot3_house/cafe_table/meshes
[33.161s] -- Installing: /home/neo/turtlebot3_ws/src/turtlebot3_simulations/install/turtlebot3_gazebo/share/turtlebot3_gazebo//models/turtlebot3_house/cafe_table/meshes/cafe_table.dae
[33.161s] -- Installing: /home/neo/turtlebot3_ws/src/turtlebot3_simulations/install/turtlebot3_gazebo/share/turtlebot3_gazebo//models/turtlebot3_waffle
[33.161s] -- Installing: /home/neo/turtlebot3_ws/src/turtlebot3_simulations/install/turtlebot3_gazebo/share/turtlebot3_gazebo//models/turtlebot3_waffle/model-1_4.sdf
[33.162s] -- Installing: /home/neo/turtlebot3_ws/src/turtlebot3_simulations/install/turtlebot3_gazebo/share/turtlebot3_gazebo//models/turtlebot3_waffle/model.sdf
[33.162s] -- Installing: /home/neo/turtlebot3_ws/src/turtlebot3_simulations/install/turtlebot3_gazebo/share/turtlebot3_gazebo//models/turtlebot3_waffle/model.config
[33.163s] -- Installing: /home/neo/turtlebot3_ws/src/turtlebot3_simulations/install/turtlebot3_gazebo/share/turtlebot3_gazebo//models/turtlebot3_waffle_pi
[33.163s] -- Installing: /home/neo/turtlebot3_ws/src/turtlebot3_simulations/install/turtlebot3_gazebo/share/turtlebot3_gazebo//models/turtlebot3_waffle_pi/model.sdf
[33.164s] -- Installing: /home/neo/turtlebot3_ws/src/turtlebot3_simulations/install/turtlebot3_gazebo/share/turtlebot3_gazebo//models/turtlebot3_waffle_pi/model-1_4_.sdf
[33.164s] -- Installing: /home/neo/turtlebot3_ws/src/turtlebot3_simulations/install/turtlebot3_gazebo/share/turtlebot3_gazebo//models/turtlebot3_waffle_pi/model.config
[33.164s] -- Installing: /home/neo/turtlebot3_ws/src/turtlebot3_simulations/install/turtlebot3_gazebo/share/turtlebot3_gazebo//models/turtlebot3_burger
[33.165s] -- Installing: /home/neo/turtlebot3_ws/src/turtlebot3_simulations/install/turtlebot3_gazebo/share/turtlebot3_gazebo//models/turtlebot3_burger/model-1_4.sdf
[33.165s] -- Installing: /home/neo/turtlebot3_ws/src/turtlebot3_simulations/install/turtlebot3_gazebo/share/turtlebot3_gazebo//models/turtlebot3_burger/model.sdf
[33.166s] -- Installing: /home/neo/turtlebot3_ws/src/turtlebot3_simulations/install/turtlebot3_gazebo/share/turtlebot3_gazebo//models/turtlebot3_burger/model.config
[33.166s] -- Installing: /home/neo/turtlebot3_ws/src/turtlebot3_simulations/install/turtlebot3_gazebo/share/turtlebot3_gazebo//models/turtlebot3_common
[33.166s] -- Installing: /home/neo/turtlebot3_ws/src/turtlebot3_simulations/install/turtlebot3_gazebo/share/turtlebot3_gazebo//models/turtlebot3_common/model.config
[33.167s] -- Installing: /home/neo/turtlebot3_ws/src/turtlebot3_simulations/install/turtlebot3_gazebo/share/turtlebot3_gazebo//models/turtlebot3_common/meshes
[33.167s] -- Installing: /home/neo/turtlebot3_ws/src/turtlebot3_simulations/install/turtlebot3_gazebo/share/turtlebot3_gazebo//models/turtlebot3_common/meshes/sensors
[33.167s] -- Installing: /home/neo/turtlebot3_ws/src/turtlebot3_simulations/install/turtlebot3_gazebo/share/turtlebot3_gazebo//models/turtlebot3_common/meshes/sensors/astra.dae
[33.188s] -- Installing: /home/neo/turtlebot3_ws/src/turtlebot3_simulations/install/turtlebot3_gazebo/share/turtlebot3_gazebo//models/turtlebot3_common/meshes/sensors/r200.dae
[33.189s] -- Installing: /home/neo/turtlebot3_ws/src/turtlebot3_simulations/install/turtlebot3_gazebo/share/turtlebot3_gazebo//models/turtlebot3_common/meshes/sensors/lds.stl
[33.192s] -- Installing: /home/neo/turtlebot3_ws/src/turtlebot3_simulations/install/turtlebot3_gazebo/share/turtlebot3_gazebo//models/turtlebot3_common/meshes/sensors/astra.jpg
[33.193s] -- Installing: /home/neo/turtlebot3_ws/src/turtlebot3_simulations/install/turtlebot3_gazebo/share/turtlebot3_gazebo//models/turtlebot3_common/meshes/sensors/r200.jpg
[33.193s] -- Installing: /home/neo/turtlebot3_ws/src/turtlebot3_simulations/install/turtlebot3_gazebo/share/turtlebot3_gazebo//models/turtlebot3_common/meshes/lds.dae
[33.194s] -- Installing: /home/neo/turtlebot3_ws/src/turtlebot3_simulations/install/turtlebot3_gazebo/share/turtlebot3_gazebo//models/turtlebot3_common/meshes/r200.dae
[33.196s] -- Installing: /home/neo/turtlebot3_ws/src/turtlebot3_simulations/install/turtlebot3_gazebo/share/turtlebot3_gazebo//models/turtlebot3_common/meshes/burger_base.dae
[33.196s] -- Installing: /home/neo/turtlebot3_ws/src/turtlebot3_simulations/install/turtlebot3_gazebo/share/turtlebot3_gazebo//models/turtlebot3_common/meshes/tire.dae
[33.197s] -- Installing: /home/neo/turtlebot3_ws/src/turtlebot3_simulations/install/turtlebot3_gazebo/share/turtlebot3_gazebo//models/turtlebot3_common/meshes/waffle_base.dae
[33.197s] -- Installing: /home/neo/turtlebot3_ws/src/turtlebot3_simulations/install/turtlebot3_gazebo/share/turtlebot3_gazebo//models/turtlebot3_common/meshes/wheels
[33.198s] -- Installing: /home/neo/turtlebot3_ws/src/turtlebot3_simulations/install/turtlebot3_gazebo/share/turtlebot3_gazebo//models/turtlebot3_common/meshes/wheels/left_tire.stl
[33.202s] -- Installing: /home/neo/turtlebot3_ws/src/turtlebot3_simulations/install/turtlebot3_gazebo/share/turtlebot3_gazebo//models/turtlebot3_common/meshes/wheels/right_tire.stl
[33.209s] -- Installing: /home/neo/turtlebot3_ws/src/turtlebot3_simulations/install/turtlebot3_gazebo/share/turtlebot3_gazebo//models/turtlebot3_common/meshes/bases
[33.210s] -- Installing: /home/neo/turtlebot3_ws/src/turtlebot3_simulations/install/turtlebot3_gazebo/share/turtlebot3_gazebo//models/turtlebot3_common/meshes/bases/waffle_base.stl
[33.252s] -- Installing: /home/neo/turtlebot3_ws/src/turtlebot3_simulations/install/turtlebot3_gazebo/share/turtlebot3_gazebo//models/turtlebot3_common/meshes/bases/waffle_pi_base.stl
[33.272s] -- Installing: /home/neo/turtlebot3_ws/src/turtlebot3_simulations/install/turtlebot3_gazebo/share/turtlebot3_gazebo//models/turtlebot3_common/meshes/bases/burger_base.stl
[33.284s] -- Installing: /home/neo/turtlebot3_ws/src/turtlebot3_simulations/install/turtlebot3_gazebo/share/turtlebot3_gazebo//models/turtlebot3_common/meshes/waffle_pi_base.dae
[33.285s] -- Installing: /home/neo/turtlebot3_ws/src/turtlebot3_simulations/install/turtlebot3_gazebo/share/turtlebot3_gazebo//models/turtlebot3_world
[33.285s] -- Installing: /home/neo/turtlebot3_ws/src/turtlebot3_simulations/install/turtlebot3_gazebo/share/turtlebot3_gazebo//models/turtlebot3_world/model-1_4.sdf
[33.286s] -- Installing: /home/neo/turtlebot3_ws/src/turtlebot3_simulations/install/turtlebot3_gazebo/share/turtlebot3_gazebo//models/turtlebot3_world/model.sdf
[33.286s] -- Installing: /home/neo/turtlebot3_ws/src/turtlebot3_simulations/install/turtlebot3_gazebo/share/turtlebot3_gazebo//models/turtlebot3_world/model.config
[33.287s] -- Installing: /home/neo/turtlebot3_ws/src/turtlebot3_simulations/install/turtlebot3_gazebo/share/turtlebot3_gazebo//models/turtlebot3_world/meshes
[33.287s] -- Installing: /home/neo/turtlebot3_ws/src/turtlebot3_simulations/install/turtlebot3_gazebo/share/turtlebot3_gazebo//models/turtlebot3_world/meshes/hexagon.dae
[33.287s] -- Installing: /home/neo/turtlebot3_ws/src/turtlebot3_simulations/install/turtlebot3_gazebo/share/turtlebot3_gazebo//models/turtlebot3_world/meshes/wall.dae
[33.288s] -- Installing: /home/neo/turtlebot3_ws/src/turtlebot3_simulations/install/turtlebot3_gazebo/share/turtlebot3_gazebo//params
[33.288s] -- Installing: /home/neo/turtlebot3_ws/src/turtlebot3_simulations/install/turtlebot3_gazebo/share/turtlebot3_gazebo//params/turtlebot3_burger_cam_bridge.yaml
[33.289s] -- Installing: /home/neo/turtlebot3_ws/src/turtlebot3_simulations/install/turtlebot3_gazebo/share/turtlebot3_gazebo//params/turtlebot3_waffle_bridge.yaml
[33.289s] -- Installing: /home/neo/turtlebot3_ws/src/turtlebot3_simulations/install/turtlebot3_gazebo/share/turtlebot3_gazebo//params/turtlebot3_waffle_pi_bridge.yaml
[33.289s] -- Installing: /home/neo/turtlebot3_ws/src/turtlebot3_simulations/install/turtlebot3_gazebo/share/turtlebot3_gazebo//params/turtlebot3_burger_bridge.yaml
[33.290s] -- Installing: /home/neo/turtlebot3_ws/src/turtlebot3_simulations/install/turtlebot3_gazebo/share/turtlebot3_gazebo//rviz
[33.290s] -- Installing: /home/neo/turtlebot3_ws/src/turtlebot3_simulations/install/turtlebot3_gazebo/share/turtlebot3_gazebo//rviz/tb3_gazebo.rviz
[33.291s] -- Installing: /home/neo/turtlebot3_ws/src/turtlebot3_simulations/install/turtlebot3_gazebo/share/turtlebot3_gazebo//urdf
[33.291s] -- Installing: /home/neo/turtlebot3_ws/src/turtlebot3_simulations/install/turtlebot3_gazebo/share/turtlebot3_gazebo//urdf/turtlebot3_burger.urdf
[33.292s] -- Installing: /home/neo/turtlebot3_ws/src/turtlebot3_simulations/install/turtlebot3_gazebo/share/turtlebot3_gazebo//urdf/turtlebot3_waffle_pi.urdf
[33.292s] -- Installing: /home/neo/turtlebot3_ws/src/turtlebot3_simulations/install/turtlebot3_gazebo/share/turtlebot3_gazebo//urdf/turtlebot3_burger_cam.urdf
[33.292s] -- Installing: /home/neo/turtlebot3_ws/src/turtlebot3_simulations/install/turtlebot3_gazebo/share/turtlebot3_gazebo//urdf/turtlebot3_waffle.urdf
[33.293s] -- Installing: /home/neo/turtlebot3_ws/src/turtlebot3_simulations/install/turtlebot3_gazebo/share/turtlebot3_gazebo//urdf/common_properties.urdf
[33.293s] -- Installing: /home/neo/turtlebot3_ws/src/turtlebot3_simulations/install/turtlebot3_gazebo/share/turtlebot3_gazebo//worlds
[33.294s] -- Installing: /home/neo/turtlebot3_ws/src/turtlebot3_simulations/install/turtlebot3_gazebo/share/turtlebot3_gazebo//worlds/turtlebot3_house.world
[33.294s] -- Installing: /home/neo/turtlebot3_ws/src/turtlebot3_simulations/install/turtlebot3_gazebo/share/turtlebot3_gazebo//worlds/turtlebot3_dqn_stage1.world
[33.294s] -- Installing: /home/neo/turtlebot3_ws/src/turtlebot3_simulations/install/turtlebot3_gazebo/share/turtlebot3_gazebo//worlds/turtlebot3_dqn_stage4.world
[33.295s] -- Installing: /home/neo/turtlebot3_ws/src/turtlebot3_simulations/install/turtlebot3_gazebo/share/turtlebot3_gazebo//worlds/turtlebot3_autorace_2020.world
[33.295s] -- Installing: /home/neo/turtlebot3_ws/src/turtlebot3_simulations/install/turtlebot3_gazebo/share/turtlebot3_gazebo//worlds/turtlebot3_world.world
[33.296s] -- Installing: /home/neo/turtlebot3_ws/src/turtlebot3_simulations/install/turtlebot3_gazebo/share/turtlebot3_gazebo//worlds/turtlebot3_dqn_stage3.world
[33.296s] -- Installing: /home/neo/turtlebot3_ws/src/turtlebot3_simulations/install/turtlebot3_gazebo/share/turtlebot3_gazebo//worlds/turtlebot3_dqn_stage2.world
[33.297s] -- Installing: /home/neo/turtlebot3_ws/src/turtlebot3_simulations/install/turtlebot3_gazebo/share/turtlebot3_gazebo//worlds/empty_world.world
[33.297s] -- Installing: /home/neo/turtlebot3_ws/src/turtlebot3_simulations/install/turtlebot3_gazebo/include/
[33.297s] -- Installing: /home/neo/turtlebot3_ws/src/turtlebot3_simulations/install/turtlebot3_gazebo/include//turtlebot3_gazebo
[33.298s] -- Installing: /home/neo/turtlebot3_ws/src/turtlebot3_simulations/install/turtlebot3_gazebo/include//turtlebot3_gazebo/obstacles.hpp
[33.298s] -- Installing: /home/neo/turtlebot3_ws/src/turtlebot3_simulations/install/turtlebot3_gazebo/include//turtlebot3_gazebo/obstacle1.hpp
[33.299s] -- Installing: /home/neo/turtlebot3_ws/src/turtlebot3_simulations/install/turtlebot3_gazebo/include//turtlebot3_gazebo/obstacle2.hpp
[33.299s] -- Installing: /home/neo/turtlebot3_ws/src/turtlebot3_simulations/install/turtlebot3_gazebo/include//turtlebot3_gazebo/turtlebot3_drive.hpp
[33.299s] -- Installing: /home/neo/turtlebot3_ws/src/turtlebot3_simulations/install/turtlebot3_gazebo/include//turtlebot3_gazebo/traffic_bar_plugin.hpp
[33.300s] -- Installing: /home/neo/turtlebot3_ws/src/turtlebot3_simulations/install/turtlebot3_gazebo/include//turtlebot3_gazebo/traffic_light_plugin.hpp
[33.300s] -- Installing: /home/neo/turtlebot3_ws/src/turtlebot3_simulations/install/turtlebot3_gazebo/share/ament_index/resource_index/package_run_dependencies/turtlebot3_gazebo
[33.300s] -- Installing: /home/neo/turtlebot3_ws/src/turtlebot3_simulations/install/turtlebot3_gazebo/share/ament_index/resource_index/parent_prefix_path/turtlebot3_gazebo
[33.301s] -- Installing: /home/neo/turtlebot3_ws/src/turtlebot3_simulations/install/turtlebot3_gazebo/share/turtlebot3_gazebo/environment/ament_prefix_path.sh
[33.301s] -- Installing: /home/neo/turtlebot3_ws/src/turtlebot3_simulations/install/turtlebot3_gazebo/share/turtlebot3_gazebo/environment/ament_prefix_path.dsv
[33.302s] -- Installing: /home/neo/turtlebot3_ws/src/turtlebot3_simulations/install/turtlebot3_gazebo/share/turtlebot3_gazebo/environment/path.sh
[33.302s] -- Installing: /home/neo/turtlebot3_ws/src/turtlebot3_simulations/install/turtlebot3_gazebo/share/turtlebot3_gazebo/environment/path.dsv
[33.303s] -- Installing: /home/neo/turtlebot3_ws/src/turtlebot3_simulations/install/turtlebot3_gazebo/share/turtlebot3_gazebo/local_setup.bash
[33.303s] -- Installing: /home/neo/turtlebot3_ws/src/turtlebot3_simulations/install/turtlebot3_gazebo/share/turtlebot3_gazebo/local_setup.sh
[33.303s] -- Installing: /home/neo/turtlebot3_ws/src/turtlebot3_simulations/install/turtlebot3_gazebo/share/turtlebot3_gazebo/local_setup.zsh
[33.303s] -- Installing: /home/neo/turtlebot3_ws/src/turtlebot3_simulations/install/turtlebot3_gazebo/share/turtlebot3_gazebo/local_setup.dsv
[33.304s] -- Installing: /home/neo/turtlebot3_ws/src/turtlebot3_simulations/install/turtlebot3_gazebo/share/turtlebot3_gazebo/package.dsv
[33.304s] -- Installing: /home/neo/turtlebot3_ws/src/turtlebot3_simulations/install/turtlebot3_gazebo/share/ament_index/resource_index/packages/turtlebot3_gazebo
[33.305s] -- Installing: /home/neo/turtlebot3_ws/src/turtlebot3_simulations/install/turtlebot3_gazebo/share/turtlebot3_gazebo/cmake/ament_cmake_export_include_directories-extras.cmake
[33.305s] -- Installing: /home/neo/turtlebot3_ws/src/turtlebot3_simulations/install/turtlebot3_gazebo/share/turtlebot3_gazebo/cmake/ament_cmake_export_dependencies-extras.cmake
[33.306s] -- Installing: /home/neo/turtlebot3_ws/src/turtlebot3_simulations/install/turtlebot3_gazebo/share/turtlebot3_gazebo/cmake/turtlebot3_gazeboConfig.cmake
[33.308s] -- Installing: /home/neo/turtlebot3_ws/src/turtlebot3_simulations/install/turtlebot3_gazebo/share/turtlebot3_gazebo/cmake/turtlebot3_gazeboConfig-version.cmake
[33.308s] -- Installing: /home/neo/turtlebot3_ws/src/turtlebot3_simulations/install/turtlebot3_gazebo/share/turtlebot3_gazebo/package.xml
[33.309s] Invoked command in '/home/neo/turtlebot3_ws/src/turtlebot3_simulations/build/turtlebot3_gazebo' returned '0': CMAKE_PREFIX_PATH=${CMAKE_PREFIX_PATH}:/opt/ros/jazzy /usr/bin/cmake --install /home/neo/turtlebot3_ws/src/turtlebot3_simulations/build/turtlebot3_gazebo
