[0.531s] DEBUG:colcon:Command line arguments: ['/usr/bin/colcon', 'build']
[0.531s] DEBUG:colcon:Parsed command line arguments: Namespace(log_base=None, log_level=None, verb_name='build', build_base='build', install_base='install', merge_install=False, symlink_install=False, test_result_base=None, continue_on_error=False, executor='parallel', parallel_workers=4, event_handlers=None, ignore_user_meta=False, metas=['./colcon.meta'], base_paths=['.'], packages_ignore=None, packages_ignore_regex=None, paths=None, packages_up_to=None, packages_up_to_regex=None, packages_above=None, packages_above_and_dependencies=None, packages_above_depth=None, packages_select_by_dep=None, packages_skip_by_dep=None, packages_skip_up_to=None, packages_select_build_failed=False, packages_skip_build_finished=False, packages_select_test_failures=False, packages_skip_test_passed=False, packages_select=None, packages_skip=None, packages_select_regex=None, packages_skip_regex=None, packages_start=None, packages_end=None, allow_overriding=[], cmake_args=None, cmake_target=None, cmake_target_skip_unavailable=False, cmake_clean_cache=False, cmake_clean_first=False, cmake_force_configure=False, ament_cmake_args=None, catkin_cmake_args=None, catkin_skip_building_tests=False, mixin_files=None, mixin=None, verb_parser=<colcon_mixin.mixin.mixin_argument.MixinArgumentDecorator object at 0x7de53aba1850>, verb_extension=<colcon_core.verb.build.BuildVerb object at 0x7de53acbdb50>, main=<bound method BuildVerb.main of <colcon_core.verb.build.BuildVerb object at 0x7de53acbdb50>>, mixin_verb=('build',))
[0.656s] Level 1:colcon.colcon_core.package_discovery:discover_packages(colcon_meta) check parameters
[0.656s] Level 1:colcon.colcon_core.package_discovery:discover_packages(recursive) check parameters
[0.656s] Level 1:colcon.colcon_core.package_discovery:discover_packages(ignore) check parameters
[0.656s] Level 1:colcon.colcon_core.package_discovery:discover_packages(path) check parameters
[0.657s] Level 1:colcon.colcon_core.package_discovery:discover_packages(colcon_meta) discover
[0.657s] Level 1:colcon.colcon_core.package_discovery:discover_packages(recursive) discover
[0.657s] INFO:colcon.colcon_core.package_discovery:Crawling recursively for packages in '/home/neo/turtlebot3_ws/src/turtlebot3_simulations'
[0.657s] Level 1:colcon.colcon_core.package_identification:_identify(.) by extensions ['ignore', 'ignore_ament_install']
[0.657s] Level 1:colcon.colcon_core.package_identification:_identify(.) by extension 'ignore'
[0.657s] Level 1:colcon.colcon_core.package_identification:_identify(.) by extension 'ignore_ament_install'
[0.657s] Level 1:colcon.colcon_core.package_identification:_identify(.) by extensions ['colcon_pkg']
[0.657s] Level 1:colcon.colcon_core.package_identification:_identify(.) by extension 'colcon_pkg'
[0.657s] Level 1:colcon.colcon_core.package_identification:_identify(.) by extensions ['colcon_meta']
[0.658s] Level 1:colcon.colcon_core.package_identification:_identify(.) by extension 'colcon_meta'
[0.658s] Level 1:colcon.colcon_core.package_identification:_identify(.) by extensions ['ros']
[0.658s] Level 1:colcon.colcon_core.package_identification:_identify(.) by extension 'ros'
[0.724s] Level 1:colcon.colcon_core.package_identification:_identify(.) by extensions ['cmake', 'python']
[0.724s] Level 1:colcon.colcon_core.package_identification:_identify(.) by extension 'cmake'
[0.725s] Level 1:colcon.colcon_core.package_identification:_identify(.) by extension 'python'
[0.725s] Level 1:colcon.colcon_core.package_identification:_identify(.) by extensions ['python_setup_py']
[0.725s] Level 1:colcon.colcon_core.package_identification:_identify(.) by extension 'python_setup_py'
[0.725s] Level 1:colcon.colcon_core.package_identification:_identify(build) by extensions ['ignore', 'ignore_ament_install']
[0.725s] Level 1:colcon.colcon_core.package_identification:_identify(build) by extension 'ignore'
[0.725s] Level 1:colcon.colcon_core.package_identification:_identify(build) ignored
[0.725s] Level 1:colcon.colcon_core.package_identification:_identify(install) by extensions ['ignore', 'ignore_ament_install']
[0.726s] Level 1:colcon.colcon_core.package_identification:_identify(install) by extension 'ignore'
[0.726s] Level 1:colcon.colcon_core.package_identification:_identify(install) ignored
[0.726s] Level 1:colcon.colcon_core.package_identification:_identify(log) by extensions ['ignore', 'ignore_ament_install']
[0.726s] Level 1:colcon.colcon_core.package_identification:_identify(log) by extension 'ignore'
[0.726s] Level 1:colcon.colcon_core.package_identification:_identify(log) ignored
[0.726s] Level 1:colcon.colcon_core.package_identification:_identify(turtlebot3_fake_node) by extensions ['ignore', 'ignore_ament_install']
[0.726s] Level 1:colcon.colcon_core.package_identification:_identify(turtlebot3_fake_node) by extension 'ignore'
[0.726s] Level 1:colcon.colcon_core.package_identification:_identify(turtlebot3_fake_node) by extension 'ignore_ament_install'
[0.726s] Level 1:colcon.colcon_core.package_identification:_identify(turtlebot3_fake_node) by extensions ['colcon_pkg']
[0.727s] Level 1:colcon.colcon_core.package_identification:_identify(turtlebot3_fake_node) by extension 'colcon_pkg'
[0.727s] Level 1:colcon.colcon_core.package_identification:_identify(turtlebot3_fake_node) by extensions ['colcon_meta']
[0.727s] Level 1:colcon.colcon_core.package_identification:_identify(turtlebot3_fake_node) by extension 'colcon_meta'
[0.727s] Level 1:colcon.colcon_core.package_identification:_identify(turtlebot3_fake_node) by extensions ['ros']
[0.727s] Level 1:colcon.colcon_core.package_identification:_identify(turtlebot3_fake_node) by extension 'ros'
[0.735s] DEBUG:colcon.colcon_core.package_identification:Package 'turtlebot3_fake_node' with type 'ros.ament_cmake' and name 'turtlebot3_fake_node'
[0.735s] Level 1:colcon.colcon_core.package_identification:_identify(turtlebot3_gazebo) by extensions ['ignore', 'ignore_ament_install']
[0.735s] Level 1:colcon.colcon_core.package_identification:_identify(turtlebot3_gazebo) by extension 'ignore'
[0.735s] Level 1:colcon.colcon_core.package_identification:_identify(turtlebot3_gazebo) by extension 'ignore_ament_install'
[0.735s] Level 1:colcon.colcon_core.package_identification:_identify(turtlebot3_gazebo) by extensions ['colcon_pkg']
[0.735s] Level 1:colcon.colcon_core.package_identification:_identify(turtlebot3_gazebo) by extension 'colcon_pkg'
[0.736s] Level 1:colcon.colcon_core.package_identification:_identify(turtlebot3_gazebo) by extensions ['colcon_meta']
[0.736s] Level 1:colcon.colcon_core.package_identification:_identify(turtlebot3_gazebo) by extension 'colcon_meta'
[0.736s] Level 1:colcon.colcon_core.package_identification:_identify(turtlebot3_gazebo) by extensions ['ros']
[0.736s] Level 1:colcon.colcon_core.package_identification:_identify(turtlebot3_gazebo) by extension 'ros'
[0.739s] DEBUG:colcon.colcon_core.package_identification:Package 'turtlebot3_gazebo' with type 'ros.ament_cmake' and name 'turtlebot3_gazebo'
[0.739s] Level 1:colcon.colcon_core.package_identification:_identify(turtlebot3_simulations) by extensions ['ignore', 'ignore_ament_install']
[0.739s] Level 1:colcon.colcon_core.package_identification:_identify(turtlebot3_simulations) by extension 'ignore'
[0.740s] Level 1:colcon.colcon_core.package_identification:_identify(turtlebot3_simulations) by extension 'ignore_ament_install'
[0.740s] Level 1:colcon.colcon_core.package_identification:_identify(turtlebot3_simulations) by extensions ['colcon_pkg']
[0.740s] Level 1:colcon.colcon_core.package_identification:_identify(turtlebot3_simulations) by extension 'colcon_pkg'
[0.740s] Level 1:colcon.colcon_core.package_identification:_identify(turtlebot3_simulations) by extensions ['colcon_meta']
[0.740s] Level 1:colcon.colcon_core.package_identification:_identify(turtlebot3_simulations) by extension 'colcon_meta'
[0.740s] Level 1:colcon.colcon_core.package_identification:_identify(turtlebot3_simulations) by extensions ['ros']
[0.740s] Level 1:colcon.colcon_core.package_identification:_identify(turtlebot3_simulations) by extension 'ros'
[0.741s] DEBUG:colcon.colcon_core.package_identification:Package 'turtlebot3_simulations' with type 'ros.ament_cmake' and name 'turtlebot3_simulations'
[0.742s] Level 1:colcon.colcon_core.package_discovery:discover_packages(recursive) using defaults
[0.742s] Level 1:colcon.colcon_core.package_discovery:discover_packages(ignore) discover
[0.742s] Level 1:colcon.colcon_core.package_discovery:discover_packages(ignore) using defaults
[0.742s] Level 1:colcon.colcon_core.package_discovery:discover_packages(path) discover
[0.742s] Level 1:colcon.colcon_core.package_discovery:discover_packages(path) using defaults
[0.793s] Level 1:colcon.colcon_core.package_discovery:discover_packages(prefix_path) check parameters
[0.793s] Level 1:colcon.colcon_core.package_discovery:discover_packages(prefix_path) discover
[0.804s] DEBUG:colcon.colcon_installed_package_information.package_discovery:Found 402 installed packages in /opt/ros/jazzy
[0.808s] Level 1:colcon.colcon_core.package_discovery:discover_packages(prefix_path) using defaults
[0.944s] Level 5:colcon.colcon_core.verb:set package 'turtlebot3_fake_node' build argument 'cmake_args' from command line to 'None'
[0.944s] Level 5:colcon.colcon_core.verb:set package 'turtlebot3_fake_node' build argument 'cmake_target' from command line to 'None'
[0.944s] Level 5:colcon.colcon_core.verb:set package 'turtlebot3_fake_node' build argument 'cmake_target_skip_unavailable' from command line to 'False'
[0.944s] Level 5:colcon.colcon_core.verb:set package 'turtlebot3_fake_node' build argument 'cmake_clean_cache' from command line to 'False'
[0.944s] Level 5:colcon.colcon_core.verb:set package 'turtlebot3_fake_node' build argument 'cmake_clean_first' from command line to 'False'
[0.944s] Level 5:colcon.colcon_core.verb:set package 'turtlebot3_fake_node' build argument 'cmake_force_configure' from command line to 'False'
[0.944s] Level 5:colcon.colcon_core.verb:set package 'turtlebot3_fake_node' build argument 'ament_cmake_args' from command line to 'None'
[0.944s] Level 5:colcon.colcon_core.verb:set package 'turtlebot3_fake_node' build argument 'catkin_cmake_args' from command line to 'None'
[0.944s] Level 5:colcon.colcon_core.verb:set package 'turtlebot3_fake_node' build argument 'catkin_skip_building_tests' from command line to 'False'
[0.944s] DEBUG:colcon.colcon_core.verb:Building package 'turtlebot3_fake_node' with the following arguments: {'ament_cmake_args': None, 'build_base': '/home/neo/turtlebot3_ws/src/turtlebot3_simulations/build/turtlebot3_fake_node', 'catkin_cmake_args': None, 'catkin_skip_building_tests': False, 'cmake_args': None, 'cmake_clean_cache': False, 'cmake_clean_first': False, 'cmake_force_configure': False, 'cmake_target': None, 'cmake_target_skip_unavailable': False, 'install_base': '/home/neo/turtlebot3_ws/src/turtlebot3_simulations/install/turtlebot3_fake_node', 'merge_install': False, 'path': '/home/neo/turtlebot3_ws/src/turtlebot3_simulations/turtlebot3_fake_node', 'symlink_install': False, 'test_result_base': None}
[0.945s] Level 5:colcon.colcon_core.verb:set package 'turtlebot3_gazebo' build argument 'cmake_args' from command line to 'None'
[0.945s] Level 5:colcon.colcon_core.verb:set package 'turtlebot3_gazebo' build argument 'cmake_target' from command line to 'None'
[0.945s] Level 5:colcon.colcon_core.verb:set package 'turtlebot3_gazebo' build argument 'cmake_target_skip_unavailable' from command line to 'False'
[0.945s] Level 5:colcon.colcon_core.verb:set package 'turtlebot3_gazebo' build argument 'cmake_clean_cache' from command line to 'False'
[0.945s] Level 5:colcon.colcon_core.verb:set package 'turtlebot3_gazebo' build argument 'cmake_clean_first' from command line to 'False'
[0.945s] Level 5:colcon.colcon_core.verb:set package 'turtlebot3_gazebo' build argument 'cmake_force_configure' from command line to 'False'
[0.945s] Level 5:colcon.colcon_core.verb:set package 'turtlebot3_gazebo' build argument 'ament_cmake_args' from command line to 'None'
[0.945s] Level 5:colcon.colcon_core.verb:set package 'turtlebot3_gazebo' build argument 'catkin_cmake_args' from command line to 'None'
[0.945s] Level 5:colcon.colcon_core.verb:set package 'turtlebot3_gazebo' build argument 'catkin_skip_building_tests' from command line to 'False'
[0.946s] DEBUG:colcon.colcon_core.verb:Building package 'turtlebot3_gazebo' with the following arguments: {'ament_cmake_args': None, 'build_base': '/home/neo/turtlebot3_ws/src/turtlebot3_simulations/build/turtlebot3_gazebo', 'catkin_cmake_args': None, 'catkin_skip_building_tests': False, 'cmake_args': None, 'cmake_clean_cache': False, 'cmake_clean_first': False, 'cmake_force_configure': False, 'cmake_target': None, 'cmake_target_skip_unavailable': False, 'install_base': '/home/neo/turtlebot3_ws/src/turtlebot3_simulations/install/turtlebot3_gazebo', 'merge_install': False, 'path': '/home/neo/turtlebot3_ws/src/turtlebot3_simulations/turtlebot3_gazebo', 'symlink_install': False, 'test_result_base': None}
[0.946s] Level 5:colcon.colcon_core.verb:set package 'turtlebot3_simulations' build argument 'cmake_args' from command line to 'None'
[0.946s] Level 5:colcon.colcon_core.verb:set package 'turtlebot3_simulations' build argument 'cmake_target' from command line to 'None'
[0.946s] Level 5:colcon.colcon_core.verb:set package 'turtlebot3_simulations' build argument 'cmake_target_skip_unavailable' from command line to 'False'
[0.946s] Level 5:colcon.colcon_core.verb:set package 'turtlebot3_simulations' build argument 'cmake_clean_cache' from command line to 'False'
[0.946s] Level 5:colcon.colcon_core.verb:set package 'turtlebot3_simulations' build argument 'cmake_clean_first' from command line to 'False'
[0.946s] Level 5:colcon.colcon_core.verb:set package 'turtlebot3_simulations' build argument 'cmake_force_configure' from command line to 'False'
[0.946s] Level 5:colcon.colcon_core.verb:set package 'turtlebot3_simulations' build argument 'ament_cmake_args' from command line to 'None'
[0.946s] Level 5:colcon.colcon_core.verb:set package 'turtlebot3_simulations' build argument 'catkin_cmake_args' from command line to 'None'
[0.947s] Level 5:colcon.colcon_core.verb:set package 'turtlebot3_simulations' build argument 'catkin_skip_building_tests' from command line to 'False'
[0.947s] DEBUG:colcon.colcon_core.verb:Building package 'turtlebot3_simulations' with the following arguments: {'ament_cmake_args': None, 'build_base': '/home/neo/turtlebot3_ws/src/turtlebot3_simulations/build/turtlebot3_simulations', 'catkin_cmake_args': None, 'catkin_skip_building_tests': False, 'cmake_args': None, 'cmake_clean_cache': False, 'cmake_clean_first': False, 'cmake_force_configure': False, 'cmake_target': None, 'cmake_target_skip_unavailable': False, 'install_base': '/home/neo/turtlebot3_ws/src/turtlebot3_simulations/install/turtlebot3_simulations', 'merge_install': False, 'path': '/home/neo/turtlebot3_ws/src/turtlebot3_simulations/turtlebot3_simulations', 'symlink_install': False, 'test_result_base': None}
[0.947s] INFO:colcon.colcon_core.executor:Executing jobs using 'parallel' executor
[0.949s] DEBUG:colcon.colcon_parallel_executor.executor.parallel:run_until_complete
[0.949s] INFO:colcon.colcon_ros.task.ament_cmake.build:Building ROS package in '/home/neo/turtlebot3_ws/src/turtlebot3_simulations/turtlebot3_fake_node' with build type 'ament_cmake'
[0.949s] INFO:colcon.colcon_cmake.task.cmake.build:Building CMake package in '/home/neo/turtlebot3_ws/src/turtlebot3_simulations/turtlebot3_fake_node'
[0.960s] INFO:colcon.colcon_core.plugin_system:Skipping extension 'colcon_core.shell.bat': Not used on non-Windows systems
[0.960s] INFO:colcon.colcon_core.shell:Skip shell extension 'powershell' for command environment: Not usable outside of PowerShell
[0.961s] DEBUG:colcon.colcon_core.shell:Skip shell extension 'dsv' for command environment
[0.971s] INFO:colcon.colcon_ros.task.ament_cmake.build:Building ROS package in '/home/neo/turtlebot3_ws/src/turtlebot3_simulations/turtlebot3_gazebo' with build type 'ament_cmake'
[0.971s] INFO:colcon.colcon_cmake.task.cmake.build:Building CMake package in '/home/neo/turtlebot3_ws/src/turtlebot3_simulations/turtlebot3_gazebo'
[0.972s] INFO:colcon.colcon_core.shell:Skip shell extension 'powershell' for command environment: Not usable outside of PowerShell
[0.972s] DEBUG:colcon.colcon_core.shell:Skip shell extension 'dsv' for command environment
[0.986s] DEBUG:colcon.colcon_core.event_handler.log_command:Invoking command in '/home/neo/turtlebot3_ws/src/turtlebot3_simulations/build/turtlebot3_fake_node': CMAKE_PREFIX_PATH=${CMAKE_PREFIX_PATH}:/opt/ros/jazzy /usr/bin/cmake /home/neo/turtlebot3_ws/src/turtlebot3_simulations/turtlebot3_fake_node -DCMAKE_INSTALL_PREFIX=/home/neo/turtlebot3_ws/src/turtlebot3_simulations/install/turtlebot3_fake_node
[0.997s] DEBUG:colcon.colcon_core.event_handler.log_command:Invoking command in '/home/neo/turtlebot3_ws/src/turtlebot3_simulations/build/turtlebot3_gazebo': CMAKE_PREFIX_PATH=${CMAKE_PREFIX_PATH}:/opt/ros/jazzy /usr/bin/cmake /home/neo/turtlebot3_ws/src/turtlebot3_simulations/turtlebot3_gazebo -DCMAKE_INSTALL_PREFIX=/home/neo/turtlebot3_ws/src/turtlebot3_simulations/install/turtlebot3_gazebo
[4.493s] DEBUG:colcon.colcon_core.event_handler.log_command:Invoked command in '/home/neo/turtlebot3_ws/src/turtlebot3_simulations/build/turtlebot3_fake_node' returned '0': CMAKE_PREFIX_PATH=${CMAKE_PREFIX_PATH}:/opt/ros/jazzy /usr/bin/cmake /home/neo/turtlebot3_ws/src/turtlebot3_simulations/turtlebot3_fake_node -DCMAKE_INSTALL_PREFIX=/home/neo/turtlebot3_ws/src/turtlebot3_simulations/install/turtlebot3_fake_node
[4.496s] DEBUG:colcon.colcon_core.event_handler.log_command:Invoking command in '/home/neo/turtlebot3_ws/src/turtlebot3_simulations/build/turtlebot3_fake_node': CMAKE_PREFIX_PATH=${CMAKE_PREFIX_PATH}:/opt/ros/jazzy /usr/bin/cmake --build /home/neo/turtlebot3_ws/src/turtlebot3_simulations/build/turtlebot3_fake_node -- -j4 -l4
[7.860s] DEBUG:colcon.colcon_core.event_handler.log_command:Invoked command in '/home/neo/turtlebot3_ws/src/turtlebot3_simulations/build/turtlebot3_gazebo' returned '0': CMAKE_PREFIX_PATH=${CMAKE_PREFIX_PATH}:/opt/ros/jazzy /usr/bin/cmake /home/neo/turtlebot3_ws/src/turtlebot3_simulations/turtlebot3_gazebo -DCMAKE_INSTALL_PREFIX=/home/neo/turtlebot3_ws/src/turtlebot3_simulations/install/turtlebot3_gazebo
[7.864s] DEBUG:colcon.colcon_core.event_handler.log_command:Invoking command in '/home/neo/turtlebot3_ws/src/turtlebot3_simulations/build/turtlebot3_gazebo': CMAKE_PREFIX_PATH=${CMAKE_PREFIX_PATH}:/opt/ros/jazzy /usr/bin/cmake --build /home/neo/turtlebot3_ws/src/turtlebot3_simulations/build/turtlebot3_gazebo -- -j4 -l4
[29.842s] DEBUG:colcon.colcon_core.event_handler.log_command:Invoked command in '/home/neo/turtlebot3_ws/src/turtlebot3_simulations/build/turtlebot3_fake_node' returned '0': CMAKE_PREFIX_PATH=${CMAKE_PREFIX_PATH}:/opt/ros/jazzy /usr/bin/cmake --build /home/neo/turtlebot3_ws/src/turtlebot3_simulations/build/turtlebot3_fake_node -- -j4 -l4
[29.862s] DEBUG:colcon.colcon_core.event_handler.log_command:Invoking command in '/home/neo/turtlebot3_ws/src/turtlebot3_simulations/build/turtlebot3_fake_node': CMAKE_PREFIX_PATH=${CMAKE_PREFIX_PATH}:/opt/ros/jazzy /usr/bin/cmake --install /home/neo/turtlebot3_ws/src/turtlebot3_simulations/build/turtlebot3_fake_node
[29.909s] Level 1:colcon.colcon_core.environment:create_environment_scripts_only(turtlebot3_fake_node)
[29.910s] DEBUG:colcon.colcon_core.event_handler.log_command:Invoked command in '/home/neo/turtlebot3_ws/src/turtlebot3_simulations/build/turtlebot3_fake_node' returned '0': CMAKE_PREFIX_PATH=${CMAKE_PREFIX_PATH}:/opt/ros/jazzy /usr/bin/cmake --install /home/neo/turtlebot3_ws/src/turtlebot3_simulations/build/turtlebot3_fake_node
[29.922s] Level 1:colcon.colcon_core.environment:checking '/home/neo/turtlebot3_ws/src/turtlebot3_simulations/install/turtlebot3_fake_node' for CMake module files
[29.924s] Level 1:colcon.colcon_core.environment:checking '/home/neo/turtlebot3_ws/src/turtlebot3_simulations/install/turtlebot3_fake_node' for CMake config files
[29.925s] Level 1:colcon.colcon_core.shell:create_environment_hook('turtlebot3_fake_node', 'cmake_prefix_path')
[29.926s] INFO:colcon.colcon_core.shell:Creating environment hook '/home/neo/turtlebot3_ws/src/turtlebot3_simulations/install/turtlebot3_fake_node/share/turtlebot3_fake_node/hook/cmake_prefix_path.ps1'
[29.928s] INFO:colcon.colcon_core.shell:Creating environment descriptor '/home/neo/turtlebot3_ws/src/turtlebot3_simulations/install/turtlebot3_fake_node/share/turtlebot3_fake_node/hook/cmake_prefix_path.dsv'
[29.930s] INFO:colcon.colcon_core.shell:Creating environment hook '/home/neo/turtlebot3_ws/src/turtlebot3_simulations/install/turtlebot3_fake_node/share/turtlebot3_fake_node/hook/cmake_prefix_path.sh'
[29.932s] Level 1:colcon.colcon_core.environment:checking '/home/neo/turtlebot3_ws/src/turtlebot3_simulations/install/turtlebot3_fake_node/lib'
[29.933s] Level 1:colcon.colcon_core.environment:checking '/home/neo/turtlebot3_ws/src/turtlebot3_simulations/install/turtlebot3_fake_node/bin'
[29.933s] Level 1:colcon.colcon_core.environment:checking '/home/neo/turtlebot3_ws/src/turtlebot3_simulations/install/turtlebot3_fake_node/lib/pkgconfig/turtlebot3_fake_node.pc'
[29.934s] Level 1:colcon.colcon_core.environment:checking '/home/neo/turtlebot3_ws/src/turtlebot3_simulations/install/turtlebot3_fake_node/lib/python3.12/site-packages'
[29.935s] Level 1:colcon.colcon_core.environment:checking '/home/neo/turtlebot3_ws/src/turtlebot3_simulations/install/turtlebot3_fake_node/bin'
[29.936s] INFO:colcon.colcon_core.shell:Creating package script '/home/neo/turtlebot3_ws/src/turtlebot3_simulations/install/turtlebot3_fake_node/share/turtlebot3_fake_node/package.ps1'
[29.939s] INFO:colcon.colcon_core.shell:Creating package descriptor '/home/neo/turtlebot3_ws/src/turtlebot3_simulations/install/turtlebot3_fake_node/share/turtlebot3_fake_node/package.dsv'
[29.941s] INFO:colcon.colcon_core.shell:Creating package script '/home/neo/turtlebot3_ws/src/turtlebot3_simulations/install/turtlebot3_fake_node/share/turtlebot3_fake_node/package.sh'
[29.943s] INFO:colcon.colcon_core.shell:Creating package script '/home/neo/turtlebot3_ws/src/turtlebot3_simulations/install/turtlebot3_fake_node/share/turtlebot3_fake_node/package.bash'
[29.946s] INFO:colcon.colcon_core.shell:Creating package script '/home/neo/turtlebot3_ws/src/turtlebot3_simulations/install/turtlebot3_fake_node/share/turtlebot3_fake_node/package.zsh'
[29.948s] Level 1:colcon.colcon_core.environment:create_file_with_runtime_dependencies(/home/neo/turtlebot3_ws/src/turtlebot3_simulations/install/turtlebot3_fake_node/share/colcon-core/packages/turtlebot3_fake_node)
[29.950s] Level 1:colcon.colcon_core.environment:create_environment_scripts_only(turtlebot3_fake_node)
[29.951s] Level 1:colcon.colcon_core.environment:checking '/home/neo/turtlebot3_ws/src/turtlebot3_simulations/install/turtlebot3_fake_node' for CMake module files
[29.953s] Level 1:colcon.colcon_core.environment:checking '/home/neo/turtlebot3_ws/src/turtlebot3_simulations/install/turtlebot3_fake_node' for CMake config files
[29.954s] Level 1:colcon.colcon_core.shell:create_environment_hook('turtlebot3_fake_node', 'cmake_prefix_path')
[29.955s] INFO:colcon.colcon_core.shell:Creating environment hook '/home/neo/turtlebot3_ws/src/turtlebot3_simulations/install/turtlebot3_fake_node/share/turtlebot3_fake_node/hook/cmake_prefix_path.ps1'
[29.956s] INFO:colcon.colcon_core.shell:Creating environment descriptor '/home/neo/turtlebot3_ws/src/turtlebot3_simulations/install/turtlebot3_fake_node/share/turtlebot3_fake_node/hook/cmake_prefix_path.dsv'
[29.957s] INFO:colcon.colcon_core.shell:Creating environment hook '/home/neo/turtlebot3_ws/src/turtlebot3_simulations/install/turtlebot3_fake_node/share/turtlebot3_fake_node/hook/cmake_prefix_path.sh'
[29.959s] Level 1:colcon.colcon_core.environment:checking '/home/neo/turtlebot3_ws/src/turtlebot3_simulations/install/turtlebot3_fake_node/lib'
[29.959s] Level 1:colcon.colcon_core.environment:checking '/home/neo/turtlebot3_ws/src/turtlebot3_simulations/install/turtlebot3_fake_node/bin'
[29.959s] Level 1:colcon.colcon_core.environment:checking '/home/neo/turtlebot3_ws/src/turtlebot3_simulations/install/turtlebot3_fake_node/lib/pkgconfig/turtlebot3_fake_node.pc'
[29.960s] Level 1:colcon.colcon_core.environment:checking '/home/neo/turtlebot3_ws/src/turtlebot3_simulations/install/turtlebot3_fake_node/lib/python3.12/site-packages'
[29.961s] Level 1:colcon.colcon_core.environment:checking '/home/neo/turtlebot3_ws/src/turtlebot3_simulations/install/turtlebot3_fake_node/bin'
[29.961s] INFO:colcon.colcon_core.shell:Creating package script '/home/neo/turtlebot3_ws/src/turtlebot3_simulations/install/turtlebot3_fake_node/share/turtlebot3_fake_node/package.ps1'
[29.963s] INFO:colcon.colcon_core.shell:Creating package descriptor '/home/neo/turtlebot3_ws/src/turtlebot3_simulations/install/turtlebot3_fake_node/share/turtlebot3_fake_node/package.dsv'
[29.963s] INFO:colcon.colcon_core.shell:Creating package script '/home/neo/turtlebot3_ws/src/turtlebot3_simulations/install/turtlebot3_fake_node/share/turtlebot3_fake_node/package.sh'
[29.964s] INFO:colcon.colcon_core.shell:Creating package script '/home/neo/turtlebot3_ws/src/turtlebot3_simulations/install/turtlebot3_fake_node/share/turtlebot3_fake_node/package.bash'
[29.965s] INFO:colcon.colcon_core.shell:Creating package script '/home/neo/turtlebot3_ws/src/turtlebot3_simulations/install/turtlebot3_fake_node/share/turtlebot3_fake_node/package.zsh'
[29.966s] Level 1:colcon.colcon_core.environment:create_file_with_runtime_dependencies(/home/neo/turtlebot3_ws/src/turtlebot3_simulations/install/turtlebot3_fake_node/share/colcon-core/packages/turtlebot3_fake_node)
[34.040s] DEBUG:colcon.colcon_core.event_handler.log_command:Invoked command in '/home/neo/turtlebot3_ws/src/turtlebot3_simulations/build/turtlebot3_gazebo' returned '0': CMAKE_PREFIX_PATH=${CMAKE_PREFIX_PATH}:/opt/ros/jazzy /usr/bin/cmake --build /home/neo/turtlebot3_ws/src/turtlebot3_simulations/build/turtlebot3_gazebo -- -j4 -l4
[34.042s] DEBUG:colcon.colcon_core.event_handler.log_command:Invoking command in '/home/neo/turtlebot3_ws/src/turtlebot3_simulations/build/turtlebot3_gazebo': CMAKE_PREFIX_PATH=${CMAKE_PREFIX_PATH}:/opt/ros/jazzy /usr/bin/cmake --install /home/neo/turtlebot3_ws/src/turtlebot3_simulations/build/turtlebot3_gazebo
[34.278s] Level 1:colcon.colcon_core.environment:create_environment_scripts_only(turtlebot3_gazebo)
[34.278s] Level 1:colcon.colcon_core.environment:checking '/home/neo/turtlebot3_ws/src/turtlebot3_simulations/install/turtlebot3_gazebo' for CMake module files
[34.281s] DEBUG:colcon.colcon_core.event_handler.log_command:Invoked command in '/home/neo/turtlebot3_ws/src/turtlebot3_simulations/build/turtlebot3_gazebo' returned '0': CMAKE_PREFIX_PATH=${CMAKE_PREFIX_PATH}:/opt/ros/jazzy /usr/bin/cmake --install /home/neo/turtlebot3_ws/src/turtlebot3_simulations/build/turtlebot3_gazebo
[34.282s] Level 1:colcon.colcon_core.environment:checking '/home/neo/turtlebot3_ws/src/turtlebot3_simulations/install/turtlebot3_gazebo' for CMake config files
[34.284s] Level 1:colcon.colcon_core.shell:create_environment_hook('turtlebot3_gazebo', 'cmake_prefix_path')
[34.284s] INFO:colcon.colcon_core.shell:Creating environment hook '/home/neo/turtlebot3_ws/src/turtlebot3_simulations/install/turtlebot3_gazebo/share/turtlebot3_gazebo/hook/cmake_prefix_path.ps1'
[34.285s] INFO:colcon.colcon_core.shell:Creating environment descriptor '/home/neo/turtlebot3_ws/src/turtlebot3_simulations/install/turtlebot3_gazebo/share/turtlebot3_gazebo/hook/cmake_prefix_path.dsv'
[34.286s] INFO:colcon.colcon_core.shell:Creating environment hook '/home/neo/turtlebot3_ws/src/turtlebot3_simulations/install/turtlebot3_gazebo/share/turtlebot3_gazebo/hook/cmake_prefix_path.sh'
[34.287s] Level 1:colcon.colcon_core.environment:checking '/home/neo/turtlebot3_ws/src/turtlebot3_simulations/install/turtlebot3_gazebo/lib'
[34.287s] Level 1:colcon.colcon_core.environment:checking '/home/neo/turtlebot3_ws/src/turtlebot3_simulations/install/turtlebot3_gazebo/bin'
[34.287s] Level 1:colcon.colcon_core.environment:checking '/home/neo/turtlebot3_ws/src/turtlebot3_simulations/install/turtlebot3_gazebo/lib/pkgconfig/turtlebot3_gazebo.pc'
[34.287s] Level 1:colcon.colcon_core.environment:checking '/home/neo/turtlebot3_ws/src/turtlebot3_simulations/install/turtlebot3_gazebo/lib/python3.12/site-packages'
[34.288s] Level 1:colcon.colcon_core.environment:checking '/home/neo/turtlebot3_ws/src/turtlebot3_simulations/install/turtlebot3_gazebo/bin'
[34.288s] INFO:colcon.colcon_core.shell:Creating package script '/home/neo/turtlebot3_ws/src/turtlebot3_simulations/install/turtlebot3_gazebo/share/turtlebot3_gazebo/package.ps1'
[34.289s] INFO:colcon.colcon_core.shell:Creating package descriptor '/home/neo/turtlebot3_ws/src/turtlebot3_simulations/install/turtlebot3_gazebo/share/turtlebot3_gazebo/package.dsv'
[34.290s] INFO:colcon.colcon_core.shell:Creating package script '/home/neo/turtlebot3_ws/src/turtlebot3_simulations/install/turtlebot3_gazebo/share/turtlebot3_gazebo/package.sh'
[34.290s] INFO:colcon.colcon_core.shell:Creating package script '/home/neo/turtlebot3_ws/src/turtlebot3_simulations/install/turtlebot3_gazebo/share/turtlebot3_gazebo/package.bash'
[34.291s] INFO:colcon.colcon_core.shell:Creating package script '/home/neo/turtlebot3_ws/src/turtlebot3_simulations/install/turtlebot3_gazebo/share/turtlebot3_gazebo/package.zsh'
[34.291s] Level 1:colcon.colcon_core.environment:create_file_with_runtime_dependencies(/home/neo/turtlebot3_ws/src/turtlebot3_simulations/install/turtlebot3_gazebo/share/colcon-core/packages/turtlebot3_gazebo)
[34.292s] Level 1:colcon.colcon_core.environment:create_environment_scripts_only(turtlebot3_gazebo)
[34.292s] Level 1:colcon.colcon_core.environment:checking '/home/neo/turtlebot3_ws/src/turtlebot3_simulations/install/turtlebot3_gazebo' for CMake module files
[34.294s] Level 1:colcon.colcon_core.environment:checking '/home/neo/turtlebot3_ws/src/turtlebot3_simulations/install/turtlebot3_gazebo' for CMake config files
[34.296s] Level 1:colcon.colcon_core.shell:create_environment_hook('turtlebot3_gazebo', 'cmake_prefix_path')
[34.296s] INFO:colcon.colcon_core.shell:Creating environment hook '/home/neo/turtlebot3_ws/src/turtlebot3_simulations/install/turtlebot3_gazebo/share/turtlebot3_gazebo/hook/cmake_prefix_path.ps1'
[34.297s] INFO:colcon.colcon_core.shell:Creating environment descriptor '/home/neo/turtlebot3_ws/src/turtlebot3_simulations/install/turtlebot3_gazebo/share/turtlebot3_gazebo/hook/cmake_prefix_path.dsv'
[34.298s] INFO:colcon.colcon_core.shell:Creating environment hook '/home/neo/turtlebot3_ws/src/turtlebot3_simulations/install/turtlebot3_gazebo/share/turtlebot3_gazebo/hook/cmake_prefix_path.sh'
[34.301s] Level 1:colcon.colcon_core.environment:checking '/home/neo/turtlebot3_ws/src/turtlebot3_simulations/install/turtlebot3_gazebo/lib'
[34.302s] Level 1:colcon.colcon_core.environment:checking '/home/neo/turtlebot3_ws/src/turtlebot3_simulations/install/turtlebot3_gazebo/bin'
[34.302s] Level 1:colcon.colcon_core.environment:checking '/home/neo/turtlebot3_ws/src/turtlebot3_simulations/install/turtlebot3_gazebo/lib/pkgconfig/turtlebot3_gazebo.pc'
[34.303s] Level 1:colcon.colcon_core.environment:checking '/home/neo/turtlebot3_ws/src/turtlebot3_simulations/install/turtlebot3_gazebo/lib/python3.12/site-packages'
[34.304s] Level 1:colcon.colcon_core.environment:checking '/home/neo/turtlebot3_ws/src/turtlebot3_simulations/install/turtlebot3_gazebo/bin'
[34.305s] INFO:colcon.colcon_core.shell:Creating package script '/home/neo/turtlebot3_ws/src/turtlebot3_simulations/install/turtlebot3_gazebo/share/turtlebot3_gazebo/package.ps1'
[34.307s] INFO:colcon.colcon_core.shell:Creating package descriptor '/home/neo/turtlebot3_ws/src/turtlebot3_simulations/install/turtlebot3_gazebo/share/turtlebot3_gazebo/package.dsv'
[34.308s] INFO:colcon.colcon_core.shell:Creating package script '/home/neo/turtlebot3_ws/src/turtlebot3_simulations/install/turtlebot3_gazebo/share/turtlebot3_gazebo/package.sh'
[34.310s] INFO:colcon.colcon_core.shell:Creating package script '/home/neo/turtlebot3_ws/src/turtlebot3_simulations/install/turtlebot3_gazebo/share/turtlebot3_gazebo/package.bash'
[34.311s] INFO:colcon.colcon_core.shell:Creating package script '/home/neo/turtlebot3_ws/src/turtlebot3_simulations/install/turtlebot3_gazebo/share/turtlebot3_gazebo/package.zsh'
[34.312s] Level 1:colcon.colcon_core.environment:create_file_with_runtime_dependencies(/home/neo/turtlebot3_ws/src/turtlebot3_simulations/install/turtlebot3_gazebo/share/colcon-core/packages/turtlebot3_gazebo)
[34.312s] INFO:colcon.colcon_ros.task.ament_cmake.build:Building ROS package in '/home/neo/turtlebot3_ws/src/turtlebot3_simulations/turtlebot3_simulations' with build type 'ament_cmake'
[34.313s] INFO:colcon.colcon_cmake.task.cmake.build:Building CMake package in '/home/neo/turtlebot3_ws/src/turtlebot3_simulations/turtlebot3_simulations'
[34.313s] INFO:colcon.colcon_core.shell:Skip shell extension 'powershell' for command environment: Not usable outside of PowerShell
[34.313s] DEBUG:colcon.colcon_core.shell:Skip shell extension 'dsv' for command environment
[34.343s] DEBUG:colcon.colcon_core.event_handler.log_command:Invoking command in '/home/neo/turtlebot3_ws/src/turtlebot3_simulations/build/turtlebot3_simulations': AMENT_PREFIX_PATH=/home/neo/turtlebot3_ws/src/turtlebot3_simulations/install/turtlebot3_gazebo:/home/neo/turtlebot3_ws/src/turtlebot3_simulations/install/turtlebot3_fake_node:${AMENT_PREFIX_PATH} CMAKE_PREFIX_PATH=/home/neo/turtlebot3_ws/src/turtlebot3_simulations/install/turtlebot3_gazebo:/home/neo/turtlebot3_ws/src/turtlebot3_simulations/install/turtlebot3_fake_node:/opt/ros/jazzy/opt/gz_sim_vendor:/opt/ros/jazzy/opt/gz_sensors_vendor:/opt/ros/jazzy/opt/gz_physics_vendor:/opt/ros/jazzy/opt/sdformat_vendor:/opt/ros/jazzy/opt/gz_gui_vendor:/opt/ros/jazzy/opt/gz_transport_vendor:/opt/ros/jazzy/opt/gz_rendering_vendor:/opt/ros/jazzy/opt/gz_plugin_vendor:/opt/ros/jazzy/opt/gz_fuel_tools_vendor:/opt/ros/jazzy/opt/gz_msgs_vendor:/opt/ros/jazzy/opt/gz_common_vendor:/opt/ros/jazzy/opt/gz_math_vendor:/opt/ros/jazzy/opt/gz_utils_vendor:/opt/ros/jazzy/opt/gz_tools_vendor:/opt/ros/jazzy/opt/gz_ogre_next_vendor:/opt/ros/jazzy/opt/gz_dartsim_vendor:/opt/ros/jazzy/opt/gz_cmake_vendor:/opt/ros/jazzy /usr/bin/cmake /home/neo/turtlebot3_ws/src/turtlebot3_simulations/turtlebot3_simulations -DCMAKE_INSTALL_PREFIX=/home/neo/turtlebot3_ws/src/turtlebot3_simulations/install/turtlebot3_simulations
[36.024s] DEBUG:colcon.colcon_core.event_handler.log_command:Invoked command in '/home/neo/turtlebot3_ws/src/turtlebot3_simulations/build/turtlebot3_simulations' returned '0': AMENT_PREFIX_PATH=/home/neo/turtlebot3_ws/src/turtlebot3_simulations/install/turtlebot3_gazebo:/home/neo/turtlebot3_ws/src/turtlebot3_simulations/install/turtlebot3_fake_node:${AMENT_PREFIX_PATH} CMAKE_PREFIX_PATH=/home/neo/turtlebot3_ws/src/turtlebot3_simulations/install/turtlebot3_gazebo:/home/neo/turtlebot3_ws/src/turtlebot3_simulations/install/turtlebot3_fake_node:/opt/ros/jazzy/opt/gz_sim_vendor:/opt/ros/jazzy/opt/gz_sensors_vendor:/opt/ros/jazzy/opt/gz_physics_vendor:/opt/ros/jazzy/opt/sdformat_vendor:/opt/ros/jazzy/opt/gz_gui_vendor:/opt/ros/jazzy/opt/gz_transport_vendor:/opt/ros/jazzy/opt/gz_rendering_vendor:/opt/ros/jazzy/opt/gz_plugin_vendor:/opt/ros/jazzy/opt/gz_fuel_tools_vendor:/opt/ros/jazzy/opt/gz_msgs_vendor:/opt/ros/jazzy/opt/gz_common_vendor:/opt/ros/jazzy/opt/gz_math_vendor:/opt/ros/jazzy/opt/gz_utils_vendor:/opt/ros/jazzy/opt/gz_tools_vendor:/opt/ros/jazzy/opt/gz_ogre_next_vendor:/opt/ros/jazzy/opt/gz_dartsim_vendor:/opt/ros/jazzy/opt/gz_cmake_vendor:/opt/ros/jazzy /usr/bin/cmake /home/neo/turtlebot3_ws/src/turtlebot3_simulations/turtlebot3_simulations -DCMAKE_INSTALL_PREFIX=/home/neo/turtlebot3_ws/src/turtlebot3_simulations/install/turtlebot3_simulations
[36.026s] DEBUG:colcon.colcon_core.event_handler.log_command:Invoking command in '/home/neo/turtlebot3_ws/src/turtlebot3_simulations/build/turtlebot3_simulations': AMENT_PREFIX_PATH=/home/neo/turtlebot3_ws/src/turtlebot3_simulations/install/turtlebot3_gazebo:/home/neo/turtlebot3_ws/src/turtlebot3_simulations/install/turtlebot3_fake_node:${AMENT_PREFIX_PATH} CMAKE_PREFIX_PATH=/home/neo/turtlebot3_ws/src/turtlebot3_simulations/install/turtlebot3_gazebo:/home/neo/turtlebot3_ws/src/turtlebot3_simulations/install/turtlebot3_fake_node:/opt/ros/jazzy/opt/gz_sim_vendor:/opt/ros/jazzy/opt/gz_sensors_vendor:/opt/ros/jazzy/opt/gz_physics_vendor:/opt/ros/jazzy/opt/sdformat_vendor:/opt/ros/jazzy/opt/gz_gui_vendor:/opt/ros/jazzy/opt/gz_transport_vendor:/opt/ros/jazzy/opt/gz_rendering_vendor:/opt/ros/jazzy/opt/gz_plugin_vendor:/opt/ros/jazzy/opt/gz_fuel_tools_vendor:/opt/ros/jazzy/opt/gz_msgs_vendor:/opt/ros/jazzy/opt/gz_common_vendor:/opt/ros/jazzy/opt/gz_math_vendor:/opt/ros/jazzy/opt/gz_utils_vendor:/opt/ros/jazzy/opt/gz_tools_vendor:/opt/ros/jazzy/opt/gz_ogre_next_vendor:/opt/ros/jazzy/opt/gz_dartsim_vendor:/opt/ros/jazzy/opt/gz_cmake_vendor:/opt/ros/jazzy /usr/bin/cmake --build /home/neo/turtlebot3_ws/src/turtlebot3_simulations/build/turtlebot3_simulations -- -j4 -l4
[36.114s] DEBUG:colcon.colcon_core.event_handler.log_command:Invoked command in '/home/neo/turtlebot3_ws/src/turtlebot3_simulations/build/turtlebot3_simulations' returned '0': AMENT_PREFIX_PATH=/home/neo/turtlebot3_ws/src/turtlebot3_simulations/install/turtlebot3_gazebo:/home/neo/turtlebot3_ws/src/turtlebot3_simulations/install/turtlebot3_fake_node:${AMENT_PREFIX_PATH} CMAKE_PREFIX_PATH=/home/neo/turtlebot3_ws/src/turtlebot3_simulations/install/turtlebot3_gazebo:/home/neo/turtlebot3_ws/src/turtlebot3_simulations/install/turtlebot3_fake_node:/opt/ros/jazzy/opt/gz_sim_vendor:/opt/ros/jazzy/opt/gz_sensors_vendor:/opt/ros/jazzy/opt/gz_physics_vendor:/opt/ros/jazzy/opt/sdformat_vendor:/opt/ros/jazzy/opt/gz_gui_vendor:/opt/ros/jazzy/opt/gz_transport_vendor:/opt/ros/jazzy/opt/gz_rendering_vendor:/opt/ros/jazzy/opt/gz_plugin_vendor:/opt/ros/jazzy/opt/gz_fuel_tools_vendor:/opt/ros/jazzy/opt/gz_msgs_vendor:/opt/ros/jazzy/opt/gz_common_vendor:/opt/ros/jazzy/opt/gz_math_vendor:/opt/ros/jazzy/opt/gz_utils_vendor:/opt/ros/jazzy/opt/gz_tools_vendor:/opt/ros/jazzy/opt/gz_ogre_next_vendor:/opt/ros/jazzy/opt/gz_dartsim_vendor:/opt/ros/jazzy/opt/gz_cmake_vendor:/opt/ros/jazzy /usr/bin/cmake --build /home/neo/turtlebot3_ws/src/turtlebot3_simulations/build/turtlebot3_simulations -- -j4 -l4
[36.116s] DEBUG:colcon.colcon_core.event_handler.log_command:Invoking command in '/home/neo/turtlebot3_ws/src/turtlebot3_simulations/build/turtlebot3_simulations': AMENT_PREFIX_PATH=/home/neo/turtlebot3_ws/src/turtlebot3_simulations/install/turtlebot3_gazebo:/home/neo/turtlebot3_ws/src/turtlebot3_simulations/install/turtlebot3_fake_node:${AMENT_PREFIX_PATH} CMAKE_PREFIX_PATH=/home/neo/turtlebot3_ws/src/turtlebot3_simulations/install/turtlebot3_gazebo:/home/neo/turtlebot3_ws/src/turtlebot3_simulations/install/turtlebot3_fake_node:/opt/ros/jazzy/opt/gz_sim_vendor:/opt/ros/jazzy/opt/gz_sensors_vendor:/opt/ros/jazzy/opt/gz_physics_vendor:/opt/ros/jazzy/opt/sdformat_vendor:/opt/ros/jazzy/opt/gz_gui_vendor:/opt/ros/jazzy/opt/gz_transport_vendor:/opt/ros/jazzy/opt/gz_rendering_vendor:/opt/ros/jazzy/opt/gz_plugin_vendor:/opt/ros/jazzy/opt/gz_fuel_tools_vendor:/opt/ros/jazzy/opt/gz_msgs_vendor:/opt/ros/jazzy/opt/gz_common_vendor:/opt/ros/jazzy/opt/gz_math_vendor:/opt/ros/jazzy/opt/gz_utils_vendor:/opt/ros/jazzy/opt/gz_tools_vendor:/opt/ros/jazzy/opt/gz_ogre_next_vendor:/opt/ros/jazzy/opt/gz_dartsim_vendor:/opt/ros/jazzy/opt/gz_cmake_vendor:/opt/ros/jazzy /usr/bin/cmake --install /home/neo/turtlebot3_ws/src/turtlebot3_simulations/build/turtlebot3_simulations
[36.140s] Level 1:colcon.colcon_core.environment:create_environment_scripts_only(turtlebot3_simulations)
[36.141s] Level 1:colcon.colcon_core.environment:checking '/home/neo/turtlebot3_ws/src/turtlebot3_simulations/install/turtlebot3_simulations' for CMake module files
[36.142s] DEBUG:colcon.colcon_core.event_handler.log_command:Invoked command in '/home/neo/turtlebot3_ws/src/turtlebot3_simulations/build/turtlebot3_simulations' returned '0': AMENT_PREFIX_PATH=/home/neo/turtlebot3_ws/src/turtlebot3_simulations/install/turtlebot3_gazebo:/home/neo/turtlebot3_ws/src/turtlebot3_simulations/install/turtlebot3_fake_node:${AMENT_PREFIX_PATH} CMAKE_PREFIX_PATH=/home/neo/turtlebot3_ws/src/turtlebot3_simulations/install/turtlebot3_gazebo:/home/neo/turtlebot3_ws/src/turtlebot3_simulations/install/turtlebot3_fake_node:/opt/ros/jazzy/opt/gz_sim_vendor:/opt/ros/jazzy/opt/gz_sensors_vendor:/opt/ros/jazzy/opt/gz_physics_vendor:/opt/ros/jazzy/opt/sdformat_vendor:/opt/ros/jazzy/opt/gz_gui_vendor:/opt/ros/jazzy/opt/gz_transport_vendor:/opt/ros/jazzy/opt/gz_rendering_vendor:/opt/ros/jazzy/opt/gz_plugin_vendor:/opt/ros/jazzy/opt/gz_fuel_tools_vendor:/opt/ros/jazzy/opt/gz_msgs_vendor:/opt/ros/jazzy/opt/gz_common_vendor:/opt/ros/jazzy/opt/gz_math_vendor:/opt/ros/jazzy/opt/gz_utils_vendor:/opt/ros/jazzy/opt/gz_tools_vendor:/opt/ros/jazzy/opt/gz_ogre_next_vendor:/opt/ros/jazzy/opt/gz_dartsim_vendor:/opt/ros/jazzy/opt/gz_cmake_vendor:/opt/ros/jazzy /usr/bin/cmake --install /home/neo/turtlebot3_ws/src/turtlebot3_simulations/build/turtlebot3_simulations
[36.143s] Level 1:colcon.colcon_core.environment:checking '/home/neo/turtlebot3_ws/src/turtlebot3_simulations/install/turtlebot3_simulations' for CMake config files
[36.143s] Level 1:colcon.colcon_core.shell:create_environment_hook('turtlebot3_simulations', 'cmake_prefix_path')
[36.143s] INFO:colcon.colcon_core.shell:Creating environment hook '/home/neo/turtlebot3_ws/src/turtlebot3_simulations/install/turtlebot3_simulations/share/turtlebot3_simulations/hook/cmake_prefix_path.ps1'
[36.144s] INFO:colcon.colcon_core.shell:Creating environment descriptor '/home/neo/turtlebot3_ws/src/turtlebot3_simulations/install/turtlebot3_simulations/share/turtlebot3_simulations/hook/cmake_prefix_path.dsv'
[36.145s] INFO:colcon.colcon_core.shell:Creating environment hook '/home/neo/turtlebot3_ws/src/turtlebot3_simulations/install/turtlebot3_simulations/share/turtlebot3_simulations/hook/cmake_prefix_path.sh'
[36.146s] Level 1:colcon.colcon_core.environment:checking '/home/neo/turtlebot3_ws/src/turtlebot3_simulations/install/turtlebot3_simulations/bin'
[36.146s] Level 1:colcon.colcon_core.environment:checking '/home/neo/turtlebot3_ws/src/turtlebot3_simulations/install/turtlebot3_simulations/lib/pkgconfig/turtlebot3_simulations.pc'
[36.146s] Level 1:colcon.colcon_core.environment:checking '/home/neo/turtlebot3_ws/src/turtlebot3_simulations/install/turtlebot3_simulations/lib/python3.12/site-packages'
[36.147s] Level 1:colcon.colcon_core.environment:checking '/home/neo/turtlebot3_ws/src/turtlebot3_simulations/install/turtlebot3_simulations/bin'
[36.147s] INFO:colcon.colcon_core.shell:Creating package script '/home/neo/turtlebot3_ws/src/turtlebot3_simulations/install/turtlebot3_simulations/share/turtlebot3_simulations/package.ps1'
[36.148s] INFO:colcon.colcon_core.shell:Creating package descriptor '/home/neo/turtlebot3_ws/src/turtlebot3_simulations/install/turtlebot3_simulations/share/turtlebot3_simulations/package.dsv'
[36.149s] INFO:colcon.colcon_core.shell:Creating package script '/home/neo/turtlebot3_ws/src/turtlebot3_simulations/install/turtlebot3_simulations/share/turtlebot3_simulations/package.sh'
[36.149s] INFO:colcon.colcon_core.shell:Creating package script '/home/neo/turtlebot3_ws/src/turtlebot3_simulations/install/turtlebot3_simulations/share/turtlebot3_simulations/package.bash'
[36.150s] INFO:colcon.colcon_core.shell:Creating package script '/home/neo/turtlebot3_ws/src/turtlebot3_simulations/install/turtlebot3_simulations/share/turtlebot3_simulations/package.zsh'
[36.151s] Level 1:colcon.colcon_core.environment:create_file_with_runtime_dependencies(/home/neo/turtlebot3_ws/src/turtlebot3_simulations/install/turtlebot3_simulations/share/colcon-core/packages/turtlebot3_simulations)
[36.152s] Level 1:colcon.colcon_core.environment:create_environment_scripts_only(turtlebot3_simulations)
[36.153s] Level 1:colcon.colcon_core.environment:checking '/home/neo/turtlebot3_ws/src/turtlebot3_simulations/install/turtlebot3_simulations' for CMake module files
[36.155s] Level 1:colcon.colcon_core.environment:checking '/home/neo/turtlebot3_ws/src/turtlebot3_simulations/install/turtlebot3_simulations' for CMake config files
[36.156s] Level 1:colcon.colcon_core.shell:create_environment_hook('turtlebot3_simulations', 'cmake_prefix_path')
[36.156s] INFO:colcon.colcon_core.shell:Creating environment hook '/home/neo/turtlebot3_ws/src/turtlebot3_simulations/install/turtlebot3_simulations/share/turtlebot3_simulations/hook/cmake_prefix_path.ps1'
[36.157s] INFO:colcon.colcon_core.shell:Creating environment descriptor '/home/neo/turtlebot3_ws/src/turtlebot3_simulations/install/turtlebot3_simulations/share/turtlebot3_simulations/hook/cmake_prefix_path.dsv'
[36.158s] INFO:colcon.colcon_core.shell:Creating environment hook '/home/neo/turtlebot3_ws/src/turtlebot3_simulations/install/turtlebot3_simulations/share/turtlebot3_simulations/hook/cmake_prefix_path.sh'
[36.160s] Level 1:colcon.colcon_core.environment:checking '/home/neo/turtlebot3_ws/src/turtlebot3_simulations/install/turtlebot3_simulations/bin'
[36.160s] Level 1:colcon.colcon_core.environment:checking '/home/neo/turtlebot3_ws/src/turtlebot3_simulations/install/turtlebot3_simulations/lib/pkgconfig/turtlebot3_simulations.pc'
[36.161s] Level 1:colcon.colcon_core.environment:checking '/home/neo/turtlebot3_ws/src/turtlebot3_simulations/install/turtlebot3_simulations/lib/python3.12/site-packages'
[36.162s] Level 1:colcon.colcon_core.environment:checking '/home/neo/turtlebot3_ws/src/turtlebot3_simulations/install/turtlebot3_simulations/bin'
[36.163s] INFO:colcon.colcon_core.shell:Creating package script '/home/neo/turtlebot3_ws/src/turtlebot3_simulations/install/turtlebot3_simulations/share/turtlebot3_simulations/package.ps1'
[36.164s] INFO:colcon.colcon_core.shell:Creating package descriptor '/home/neo/turtlebot3_ws/src/turtlebot3_simulations/install/turtlebot3_simulations/share/turtlebot3_simulations/package.dsv'
[36.166s] INFO:colcon.colcon_core.shell:Creating package script '/home/neo/turtlebot3_ws/src/turtlebot3_simulations/install/turtlebot3_simulations/share/turtlebot3_simulations/package.sh'
[36.167s] INFO:colcon.colcon_core.shell:Creating package script '/home/neo/turtlebot3_ws/src/turtlebot3_simulations/install/turtlebot3_simulations/share/turtlebot3_simulations/package.bash'
[36.168s] INFO:colcon.colcon_core.shell:Creating package script '/home/neo/turtlebot3_ws/src/turtlebot3_simulations/install/turtlebot3_simulations/share/turtlebot3_simulations/package.zsh'
[36.169s] Level 1:colcon.colcon_core.environment:create_file_with_runtime_dependencies(/home/neo/turtlebot3_ws/src/turtlebot3_simulations/install/turtlebot3_simulations/share/colcon-core/packages/turtlebot3_simulations)
[36.170s] DEBUG:colcon.colcon_parallel_executor.executor.parallel:closing loop
[36.171s] DEBUG:colcon.colcon_parallel_executor.executor.parallel:loop closed
[36.171s] DEBUG:colcon.colcon_parallel_executor.executor.parallel:run_until_complete finished with '0'
[36.171s] DEBUG:colcon.colcon_core.event_reactor:joining thread
[36.199s] INFO:colcon.colcon_core.plugin_system:Skipping extension 'colcon_notification.desktop_notification.terminal_notifier': Not used on non-Darwin systems
[36.199s] INFO:colcon.colcon_core.plugin_system:Skipping extension 'colcon_notification.desktop_notification.win32': Not used on non-Windows systems
[36.199s] INFO:colcon.colcon_notification.desktop_notification:Sending desktop notification using 'notify2'
[36.235s] DEBUG:colcon.colcon_core.event_reactor:joined thread
[36.236s] INFO:colcon.colcon_core.shell:Creating prefix script '/home/neo/turtlebot3_ws/src/turtlebot3_simulations/install/local_setup.ps1'
[36.238s] INFO:colcon.colcon_core.shell:Creating prefix util module '/home/neo/turtlebot3_ws/src/turtlebot3_simulations/install/_local_setup_util_ps1.py'
[36.241s] INFO:colcon.colcon_core.shell:Creating prefix chain script '/home/neo/turtlebot3_ws/src/turtlebot3_simulations/install/setup.ps1'
[36.244s] INFO:colcon.colcon_core.shell:Creating prefix script '/home/neo/turtlebot3_ws/src/turtlebot3_simulations/install/local_setup.sh'
[36.246s] INFO:colcon.colcon_core.shell:Creating prefix util module '/home/neo/turtlebot3_ws/src/turtlebot3_simulations/install/_local_setup_util_sh.py'
[36.247s] INFO:colcon.colcon_core.shell:Creating prefix chain script '/home/neo/turtlebot3_ws/src/turtlebot3_simulations/install/setup.sh'
[36.250s] INFO:colcon.colcon_core.shell:Creating prefix script '/home/neo/turtlebot3_ws/src/turtlebot3_simulations/install/local_setup.bash'
[36.252s] INFO:colcon.colcon_core.shell:Creating prefix chain script '/home/neo/turtlebot3_ws/src/turtlebot3_simulations/install/setup.bash'
[36.255s] INFO:colcon.colcon_core.shell:Creating prefix script '/home/neo/turtlebot3_ws/src/turtlebot3_simulations/install/local_setup.zsh'
[36.256s] INFO:colcon.colcon_core.shell:Creating prefix chain script '/home/neo/turtlebot3_ws/src/turtlebot3_simulations/install/setup.zsh'
