[0.035s] Invoking command in '/home/neo/turtlebot3_ws/src/turtlebot3_simulations/build/turtlebot3_fake_node': CMAKE_PREFIX_PATH=${CMAKE_PREFIX_PATH}:/opt/ros/jazzy /usr/bin/cmake /home/neo/turtlebot3_ws/src/turtlebot3_simulations/turtlebot3_fake_node -DCMAKE_INSTALL_PREFIX=/home/neo/turtlebot3_ws/src/turtlebot3_simulations/install/turtlebot3_fake_node
[0.350s] -- The C compiler identification is GNU 13.3.0
[0.577s] -- The CXX compiler identification is GNU 13.3.0
[0.619s] -- Detecting C compiler ABI info
[0.822s] -- Detecting C compiler ABI info - done
[0.858s] -- Check for working C compiler: /usr/bin/cc - skipped
[0.860s] -- Detecting C compile features
[0.862s] -- Detecting C compile features - done
[0.885s] -- Detecting CXX compiler ABI info
[1.099s] -- Detecting CXX compiler ABI info - done
[1.133s] -- Check for working CXX compiler: /usr/bin/c++ - skipped
[1.134s] -- Detecting CXX compile features
[1.136s] -- Detecting CXX compile features - done
[1.156s] -- Found ament_cmake: 2.5.4 (/opt/ros/jazzy/share/ament_cmake/cmake)
[1.475s] -- Found Python3: /usr/bin/python3 (found version "3.12.3") found components: Interpreter 
[1.791s] -- Found geometry_msgs: 5.3.6 (/opt/ros/jazzy/share/geometry_msgs/cmake)
[1.929s] -- Found rosidl_generator_c: 4.6.5 (/opt/ros/jazzy/share/rosidl_generator_c/cmake)
[1.975s] -- Found rosidl_generator_cpp: 4.6.5 (/opt/ros/jazzy/share/rosidl_generator_cpp/cmake)
[2.032s] -- Using all available rosidl_typesupport_c: rosidl_typesupport_fastrtps_c;rosidl_typesupport_introspection_c
[2.091s] -- Using all available rosidl_typesupport_cpp: rosidl_typesupport_fastrtps_cpp;rosidl_typesupport_introspection_cpp
[2.230s] -- Found nav_msgs: 5.3.6 (/opt/ros/jazzy/share/nav_msgs/cmake)
[2.331s] -- Found rclcpp: 28.1.10 (/opt/ros/jazzy/share/rclcpp/cmake)
[2.456s] -- Found rmw_implementation_cmake: 7.3.2 (/opt/ros/jazzy/share/rmw_implementation_cmake/cmake)
[2.464s] -- Found rmw_fastrtps_cpp: 8.4.2 (/opt/ros/jazzy/share/rmw_fastrtps_cpp/cmake)
[2.657s] -- Found OpenSSL: /usr/lib/x86_64-linux-gnu/libcrypto.so (found version "3.0.13")  
[2.701s] -- Found FastRTPS: /opt/ros/jazzy/include (Required is at least version "2.13") 
[2.753s] -- Using RMW implementation 'rmw_fastrtps_cpp' as default
[2.933s] -- Found sensor_msgs: 5.3.6 (/opt/ros/jazzy/share/sensor_msgs/cmake)
[3.000s] -- Found tf2: 0.36.12 (/opt/ros/jazzy/share/tf2/cmake)
[3.017s] -- Found tf2_msgs: 0.36.12 (/opt/ros/jazzy/share/tf2_msgs/cmake)
[3.185s] -- Found turtlebot3_msgs: 2.4.0 (/opt/ros/jazzy/share/turtlebot3_msgs/cmake)
[3.476s] -- Configuring done (3.4s)
[3.505s] -- Generating done (0.0s)
[3.518s] -- Build files have been written to: /home/neo/turtlebot3_ws/src/turtlebot3_simulations/build/turtlebot3_fake_node
[3.542s] Invoked command in '/home/neo/turtlebot3_ws/src/turtlebot3_simulations/build/turtlebot3_fake_node' returned '0': CMAKE_PREFIX_PATH=${CMAKE_PREFIX_PATH}:/opt/ros/jazzy /usr/bin/cmake /home/neo/turtlebot3_ws/src/turtlebot3_simulations/turtlebot3_fake_node -DCMAKE_INSTALL_PREFIX=/home/neo/turtlebot3_ws/src/turtlebot3_simulations/install/turtlebot3_fake_node
[3.545s] Invoking command in '/home/neo/turtlebot3_ws/src/turtlebot3_simulations/build/turtlebot3_fake_node': CMAKE_PREFIX_PATH=${CMAKE_PREFIX_PATH}:/opt/ros/jazzy /usr/bin/cmake --build /home/neo/turtlebot3_ws/src/turtlebot3_simulations/build/turtlebot3_fake_node -- -j4 -l4
[3.661s] [ 50%] [32mBuilding CXX object CMakeFiles/turtlebot3_fake_node.dir/src/turtlebot3_fake_node.cpp.o[0m
[27.246s] [100%] [32m[1mLinking CXX executable turtlebot3_fake_node[0m
[28.868s] [100%] Built target turtlebot3_fake_node
[28.891s] Invoked command in '/home/neo/turtlebot3_ws/src/turtlebot3_simulations/build/turtlebot3_fake_node' returned '0': CMAKE_PREFIX_PATH=${CMAKE_PREFIX_PATH}:/opt/ros/jazzy /usr/bin/cmake --build /home/neo/turtlebot3_ws/src/turtlebot3_simulations/build/turtlebot3_fake_node -- -j4 -l4
[28.911s] Invoking command in '/home/neo/turtlebot3_ws/src/turtlebot3_simulations/build/turtlebot3_fake_node': CMAKE_PREFIX_PATH=${CMAKE_PREFIX_PATH}:/opt/ros/jazzy /usr/bin/cmake --install /home/neo/turtlebot3_ws/src/turtlebot3_simulations/build/turtlebot3_fake_node
[28.932s] -- Install configuration: ""
[28.932s] -- Installing: /home/neo/turtlebot3_ws/src/turtlebot3_simulations/install/turtlebot3_fake_node/lib/turtlebot3_fake_node/turtlebot3_fake_node
[28.945s] -- Set non-toolchain portion of runtime path of "/home/neo/turtlebot3_ws/src/turtlebot3_simulations/install/turtlebot3_fake_node/lib/turtlebot3_fake_node/turtlebot3_fake_node" to ""
[28.946s] -- Installing: /home/neo/turtlebot3_ws/src/turtlebot3_simulations/install/turtlebot3_fake_node/share/turtlebot3_fake_node/launch
[28.946s] -- Installing: /home/neo/turtlebot3_ws/src/turtlebot3_simulations/install/turtlebot3_fake_node/share/turtlebot3_fake_node/launch/turtlebot3_fake_node.launch.py
[28.947s] -- Installing: /home/neo/turtlebot3_ws/src/turtlebot3_simulations/install/turtlebot3_fake_node/share/turtlebot3_fake_node/launch/rviz2.launch.py
[28.947s] -- Installing: /home/neo/turtlebot3_ws/src/turtlebot3_simulations/install/turtlebot3_fake_node/share/turtlebot3_fake_node/param
[28.948s] -- Installing: /home/neo/turtlebot3_ws/src/turtlebot3_simulations/install/turtlebot3_fake_node/share/turtlebot3_fake_node/param/burger.yaml
[28.948s] -- Installing: /home/neo/turtlebot3_ws/src/turtlebot3_simulations/install/turtlebot3_fake_node/share/turtlebot3_fake_node/param/waffle.yaml
[28.949s] -- Installing: /home/neo/turtlebot3_ws/src/turtlebot3_simulations/install/turtlebot3_fake_node/share/turtlebot3_fake_node/param/waffle_pi.yaml
[28.949s] -- Installing: /home/neo/turtlebot3_ws/src/turtlebot3_simulations/install/turtlebot3_fake_node/include/
[28.949s] -- Installing: /home/neo/turtlebot3_ws/src/turtlebot3_simulations/install/turtlebot3_fake_node/include//turtlebot3_fake_node
[28.950s] -- Installing: /home/neo/turtlebot3_ws/src/turtlebot3_simulations/install/turtlebot3_fake_node/include//turtlebot3_fake_node/turtlebot3_fake_node.hpp
[28.950s] -- Installing: /home/neo/turtlebot3_ws/src/turtlebot3_simulations/install/turtlebot3_fake_node/share/ament_index/resource_index/package_run_dependencies/turtlebot3_fake_node
[28.951s] -- Installing: /home/neo/turtlebot3_ws/src/turtlebot3_simulations/install/turtlebot3_fake_node/share/ament_index/resource_index/parent_prefix_path/turtlebot3_fake_node
[28.951s] -- Installing: /home/neo/turtlebot3_ws/src/turtlebot3_simulations/install/turtlebot3_fake_node/share/turtlebot3_fake_node/environment/ament_prefix_path.sh
[28.952s] -- Installing: /home/neo/turtlebot3_ws/src/turtlebot3_simulations/install/turtlebot3_fake_node/share/turtlebot3_fake_node/environment/ament_prefix_path.dsv
[28.952s] -- Installing: /home/neo/turtlebot3_ws/src/turtlebot3_simulations/install/turtlebot3_fake_node/share/turtlebot3_fake_node/environment/path.sh
[28.952s] -- Installing: /home/neo/turtlebot3_ws/src/turtlebot3_simulations/install/turtlebot3_fake_node/share/turtlebot3_fake_node/environment/path.dsv
[28.953s] -- Installing: /home/neo/turtlebot3_ws/src/turtlebot3_simulations/install/turtlebot3_fake_node/share/turtlebot3_fake_node/local_setup.bash
[28.953s] -- Installing: /home/neo/turtlebot3_ws/src/turtlebot3_simulations/install/turtlebot3_fake_node/share/turtlebot3_fake_node/local_setup.sh
[28.953s] -- Installing: /home/neo/turtlebot3_ws/src/turtlebot3_simulations/install/turtlebot3_fake_node/share/turtlebot3_fake_node/local_setup.zsh
[28.954s] -- Installing: /home/neo/turtlebot3_ws/src/turtlebot3_simulations/install/turtlebot3_fake_node/share/turtlebot3_fake_node/local_setup.dsv
[28.954s] -- Installing: /home/neo/turtlebot3_ws/src/turtlebot3_simulations/install/turtlebot3_fake_node/share/turtlebot3_fake_node/package.dsv
[28.955s] -- Installing: /home/neo/turtlebot3_ws/src/turtlebot3_simulations/install/turtlebot3_fake_node/share/ament_index/resource_index/packages/turtlebot3_fake_node
[28.955s] -- Installing: /home/neo/turtlebot3_ws/src/turtlebot3_simulations/install/turtlebot3_fake_node/share/turtlebot3_fake_node/cmake/ament_cmake_export_include_directories-extras.cmake
[28.956s] -- Installing: /home/neo/turtlebot3_ws/src/turtlebot3_simulations/install/turtlebot3_fake_node/share/turtlebot3_fake_node/cmake/ament_cmake_export_dependencies-extras.cmake
[28.956s] -- Installing: /home/neo/turtlebot3_ws/src/turtlebot3_simulations/install/turtlebot3_fake_node/share/turtlebot3_fake_node/cmake/turtlebot3_fake_nodeConfig.cmake
[28.956s] -- Installing: /home/neo/turtlebot3_ws/src/turtlebot3_simulations/install/turtlebot3_fake_node/share/turtlebot3_fake_node/cmake/turtlebot3_fake_nodeConfig-version.cmake
[28.957s] -- Installing: /home/neo/turtlebot3_ws/src/turtlebot3_simulations/install/turtlebot3_fake_node/share/turtlebot3_fake_node/package.xml
[28.959s] Invoked command in '/home/neo/turtlebot3_ws/src/turtlebot3_simulations/build/turtlebot3_fake_node' returned '0': CMAKE_PREFIX_PATH=${CMAKE_PREFIX_PATH}:/opt/ros/jazzy /usr/bin/cmake --install /home/neo/turtlebot3_ws/src/turtlebot3_simulations/build/turtlebot3_fake_node
